<?xml version="1.0" encoding="UTF-8"?>
<testsuites name="All TS Swag Labs" time="579.279" tests="8" failures="0" errors="0">
   <testsuite name="All TS Swag Labs" tests="8" failures="0" errors="0" time="579.279" skipped="0" timestamp="2023-10-19 06:38:53" hostname="feeder_aginta - feeders-mbp" id="Test Suites/TS Swag Labs/All TS Swag Labs">
      <properties>
         <property name="deviceName" value="samsung SM-G990E (Android 13)"/>
         <property name="devicePlatform" value=""/>
         <property name="logFolder" value="/Users/feeder_aginta/Documents/SauceDemo/Sauce-Demo-Android/Reports/20231019_063843/TS Swag Labs/All TS Swag Labs/20231019_063843"/>
         <property name="logFiles" value="/Users/feeder_aginta/Documents/SauceDemo/Sauce-Demo-Android/Reports/20231019_063843/TS Swag Labs/All TS Swag Labs/20231019_063843/execution0.log"/>
         <property name="attachments" value=""/>
         <property name="hostName" value="feeder_aginta - feeders-mbp"/>
         <property name="os" value="Mac OS X 64bit"/>
         <property name="appiumServerStatus" value="{&quot;value&quot;:{&quot;build&quot;:{&quot;version&quot;:&quot;1.21.0&quot;}},&quot;sessionId&quot;:null,&quot;status&quot;:0}"/>
         <property name="katalonVersion" value="8.5.3.208"/>
         <property name="deviceOS" value="Android"/>
         <property name="appiumVersion" value="1.21.0"/>
         <property name="deviceModel" value="SM-G990E"/>
         <property name="hostAddress" value="192.168.1.4"/>
         <property name="deviceManufacturer" value="samsung"/>
         <property name="deviceId" value="RRCT601DTQL"/>
         <property name="deviceName" value="samsung SM-G990E (Android 13)"/>
         <property name="deviceOSVersion" value="13"/>
      </properties>
      <testcase name="Test Cases/TC login postive case" time="59.077" classname="Test Cases/TC login postive case" status="PASSED">
         <system-out><![CDATA[2023-10-19 06:38:54 - [TEST_CASE][PASSED] - Test Cases/TC login postive case: Test Cases/TC login postive case

2023-10-19 06:38:54 - [TEST_STEP][PASSED] - runFeatureFile("Include/features/Homepage Swaglabs/Login-SwagLabs.feature"): Feature file: 'Include/features/Homepage Swaglabs/Login-SwagLabs.feature' was passed

2023-10-19 06:38:54 - [MESSAGE][INFO] - Starting run keyword runFeatureFile: 'Include/features/Homepage Swaglabs/Login-SwagLabs.feature' and extract report to folder: '/Users/feeder_aginta/Documents/SauceDemo/Sauce-Demo-Android/Reports/20231019_063843/TS Swag Labs/All TS Swag Labs/20231019_063843/cucumber_report/1697672334329'...

2023-10-19 06:38:54 - [TEST_CASE][PASSED] - Start Test Case : SCENARIO Open SwagLabs System App: SCENARIO Open SwagLabs System App

2023-10-19 06:38:54 - [TEST_STEP][PASSED] - I open default app: I open default app

2023-10-19 06:39:38 - [MESSAGE][PASSED] - Delayed 5 second(s)

2023-10-19 06:39:38 - [MESSAGE][PASSED] - I open default app

2023-10-19 06:39:38 - [TEST_CASE][PASSED] - Start Test Case : SCENARIO Open SwagLabs App to login App: SCENARIO Open SwagLabs App to login App

2023-10-19 06:39:38 - [TEST_STEP][PASSED] - I should see 'Login/android.widget.EditText - Username': I should see 'Login/android.widget.EditText - Username'

2023-10-19 06:39:39 - [MESSAGE][PASSED] - Delayed 1 second(s)

2023-10-19 06:39:40 - [MESSAGE][PASSED] - Element 'Object Repository/Login/android.widget.EditText - Username' is visible

2023-10-19 06:39:40 - [MESSAGE][PASSED] - Element 'Object Repository/Login/android.widget.EditText - Username' is present

2023-10-19 06:39:40 - [MESSAGE][PASSED] - I should see 'Login/android.widget.EditText - Username'

2023-10-19 06:39:40 - [TEST_STEP][PASSED] - I type 'standard_user' on 'Login/android.widget.EditText - Username': I type 'standard_user' on 'Login/android.widget.EditText - Username'

2023-10-19 06:39:40 - [MESSAGE][PASSED] - Element 'Object Repository/Login/android.widget.EditText - Username' is visible

2023-10-19 06:39:40 - [MESSAGE][PASSED] - Element 'Object Repository/Login/android.widget.EditText - Username' text is cleared

2023-10-19 06:39:42 - [MESSAGE][PASSED] - Text 'standard_user' has been set to element 'Object Repository/Login/android.widget.EditText - Username'

2023-10-19 06:39:42 - [MESSAGE][PASSED] - I type 'standard_user' on 'Login/android.widget.EditText - Username'

2023-10-19 06:39:42 - [TEST_STEP][PASSED] - I wait for 1 seconds: I wait for 1 seconds

2023-10-19 06:39:43 - [MESSAGE][PASSED] - Delayed 1 second(s)

2023-10-19 06:39:43 - [MESSAGE][PASSED] - I wait for 1 seconds

2023-10-19 06:39:43 - [TEST_STEP][PASSED] - I should see 'Login/android.widget.EditText - Password': I should see 'Login/android.widget.EditText - Password'

2023-10-19 06:39:44 - [MESSAGE][PASSED] - Delayed 1 second(s)

2023-10-19 06:39:44 - [MESSAGE][PASSED] - Element 'Object Repository/Login/android.widget.EditText - Password' is visible

2023-10-19 06:39:44 - [MESSAGE][PASSED] - Element 'Object Repository/Login/android.widget.EditText - Password' is present

2023-10-19 06:39:44 - [MESSAGE][PASSED] - I should see 'Login/android.widget.EditText - Password'

2023-10-19 06:39:44 - [TEST_STEP][PASSED] - I type 'secret_sauce' on 'Login/android.widget.EditText - Password': I type 'secret_sauce' on 'Login/android.widget.EditText - Password'

2023-10-19 06:39:45 - [MESSAGE][PASSED] - Element 'Object Repository/Login/android.widget.EditText - Password' is visible

2023-10-19 06:39:45 - [MESSAGE][PASSED] - Element 'Object Repository/Login/android.widget.EditText - Password' text is cleared

2023-10-19 06:39:46 - [MESSAGE][PASSED] - Text 'secret_sauce' has been set to element 'Object Repository/Login/android.widget.EditText - Password'

2023-10-19 06:39:46 - [MESSAGE][PASSED] - I type 'secret_sauce' on 'Login/android.widget.EditText - Password'

2023-10-19 06:39:46 - [TEST_STEP][PASSED] - I wait for 1 seconds: I wait for 1 seconds

2023-10-19 06:39:47 - [MESSAGE][PASSED] - Delayed 1 second(s)

2023-10-19 06:39:47 - [MESSAGE][PASSED] - I wait for 1 seconds

2023-10-19 06:39:47 - [TEST_STEP][PASSED] - I should see 'Login/android.view.ViewGroup - LoginBtn': I should see 'Login/android.view.ViewGroup - LoginBtn'

2023-10-19 06:39:48 - [MESSAGE][PASSED] - Delayed 1 second(s)

2023-10-19 06:39:49 - [MESSAGE][PASSED] - Element 'Object Repository/Login/android.view.ViewGroup - LoginBtn' is visible

2023-10-19 06:39:49 - [MESSAGE][PASSED] - Element 'Object Repository/Login/android.view.ViewGroup - LoginBtn' is present

2023-10-19 06:39:49 - [MESSAGE][PASSED] - I should see 'Login/android.view.ViewGroup - LoginBtn'

2023-10-19 06:39:49 - [TEST_STEP][PASSED] - I click 'Login/android.view.ViewGroup - LoginBtn': I click 'Login/android.view.ViewGroup - LoginBtn'

2023-10-19 06:39:49 - [MESSAGE][PASSED] - Element 'Object Repository/Login/android.view.ViewGroup - LoginBtn' is visible

2023-10-19 06:39:49 - [MESSAGE][PASSED] - Tapped on element 'Object Repository/Login/android.view.ViewGroup - LoginBtn'

2023-10-19 06:39:49 - [MESSAGE][PASSED] - I click 'Login/android.view.ViewGroup - LoginBtn'

2023-10-19 06:39:49 - [TEST_STEP][PASSED] - I wait for 2 seconds: I wait for 2 seconds

2023-10-19 06:39:51 - [MESSAGE][PASSED] - Delayed 2 second(s)

2023-10-19 06:39:51 - [MESSAGE][PASSED] - I wait for 2 seconds

2023-10-19 06:39:52 - [MESSAGE][PASSED] - Feature file: 'Include/features/Homepage Swaglabs/Login-SwagLabs.feature' was passed

2023-10-19 06:39:52 - [TEST_STEP][PASSED] - closeApplication(): Close app successfully

2023-10-19 06:39:53 - [MESSAGE][PASSED] - Close app successfully]]></system-out>
         <system-err><![CDATA[]]></system-err>
      </testcase>
      <testcase name="Test Cases/TC see all item using basic xpath" time="71.35" classname="Test Cases/TC see all item using basic xpath" status="PASSED">
         <system-out><![CDATA[2023-10-19 06:39:53 - [TEST_CASE][PASSED] - Test Cases/TC see all item using basic xpath: Test Cases/TC see all item using basic xpath

2023-10-19 06:39:53 - [TEST_STEP][PASSED] - runFeatureFile("Include/features/Homepage Swaglabs/See all item using basic xpath.feature"): Feature file: 'Include/features/Homepage Swaglabs/See all item using basic xpath.feature' was passed

2023-10-19 06:39:53 - [MESSAGE][INFO] - Starting run keyword runFeatureFile: 'Include/features/Homepage Swaglabs/See all item using basic xpath.feature' and extract report to folder: '/Users/feeder_aginta/Documents/SauceDemo/Sauce-Demo-Android/Reports/20231019_063843/TS Swag Labs/All TS Swag Labs/20231019_063843/cucumber_report/1697672393305'...

2023-10-19 06:39:53 - [TEST_CASE][PASSED] - Start Test Case : SCENARIO Open SwagLabs System App: SCENARIO Open SwagLabs System App

2023-10-19 06:39:53 - [TEST_STEP][PASSED] - I open default app: I open default app

2023-10-19 06:40:39 - [MESSAGE][PASSED] - Delayed 5 second(s)

2023-10-19 06:40:39 - [MESSAGE][PASSED] - I open default app

2023-10-19 06:40:39 - [TEST_CASE][PASSED] - Start Test Case : SCENARIO Open SwagLabs App to login App: SCENARIO Open SwagLabs App to login App

2023-10-19 06:40:39 - [TEST_STEP][PASSED] - I should see 'Login/android.widget.EditText - Username': I should see 'Login/android.widget.EditText - Username'

2023-10-19 06:40:40 - [MESSAGE][PASSED] - Delayed 1 second(s)

2023-10-19 06:40:41 - [MESSAGE][PASSED] - Element 'Object Repository/Login/android.widget.EditText - Username' is visible

2023-10-19 06:40:41 - [MESSAGE][PASSED] - Element 'Object Repository/Login/android.widget.EditText - Username' is present

2023-10-19 06:40:41 - [MESSAGE][PASSED] - I should see 'Login/android.widget.EditText - Username'

2023-10-19 06:40:41 - [TEST_STEP][PASSED] - I type 'standard_user' on 'Login/android.widget.EditText - Username': I type 'standard_user' on 'Login/android.widget.EditText - Username'

2023-10-19 06:40:41 - [MESSAGE][PASSED] - Element 'Object Repository/Login/android.widget.EditText - Username' is visible

2023-10-19 06:40:41 - [MESSAGE][PASSED] - Element 'Object Repository/Login/android.widget.EditText - Username' text is cleared

2023-10-19 06:40:43 - [MESSAGE][PASSED] - Text 'standard_user' has been set to element 'Object Repository/Login/android.widget.EditText - Username'

2023-10-19 06:40:43 - [MESSAGE][PASSED] - I type 'standard_user' on 'Login/android.widget.EditText - Username'

2023-10-19 06:40:43 - [TEST_STEP][PASSED] - I wait for 1 seconds: I wait for 1 seconds

2023-10-19 06:40:44 - [MESSAGE][PASSED] - Delayed 1 second(s)

2023-10-19 06:40:44 - [MESSAGE][PASSED] - I wait for 1 seconds

2023-10-19 06:40:44 - [TEST_STEP][PASSED] - I should see 'Login/android.widget.EditText - Password': I should see 'Login/android.widget.EditText - Password'

2023-10-19 06:40:45 - [MESSAGE][PASSED] - Delayed 1 second(s)

2023-10-19 06:40:45 - [MESSAGE][PASSED] - Element 'Object Repository/Login/android.widget.EditText - Password' is visible

2023-10-19 06:40:46 - [MESSAGE][PASSED] - Element 'Object Repository/Login/android.widget.EditText - Password' is present

2023-10-19 06:40:46 - [MESSAGE][PASSED] - I should see 'Login/android.widget.EditText - Password'

2023-10-19 06:40:46 - [TEST_STEP][PASSED] - I type 'secret_sauce' on 'Login/android.widget.EditText - Password': I type 'secret_sauce' on 'Login/android.widget.EditText - Password'

2023-10-19 06:40:46 - [MESSAGE][PASSED] - Element 'Object Repository/Login/android.widget.EditText - Password' is visible

2023-10-19 06:40:46 - [MESSAGE][PASSED] - Element 'Object Repository/Login/android.widget.EditText - Password' text is cleared

2023-10-19 06:40:47 - [MESSAGE][PASSED] - Text 'secret_sauce' has been set to element 'Object Repository/Login/android.widget.EditText - Password'

2023-10-19 06:40:47 - [MESSAGE][PASSED] - I type 'secret_sauce' on 'Login/android.widget.EditText - Password'

2023-10-19 06:40:47 - [TEST_STEP][PASSED] - I wait for 1 seconds: I wait for 1 seconds

2023-10-19 06:40:48 - [MESSAGE][PASSED] - Delayed 1 second(s)

2023-10-19 06:40:48 - [MESSAGE][PASSED] - I wait for 1 seconds

2023-10-19 06:40:48 - [TEST_STEP][PASSED] - I should see 'Login/android.view.ViewGroup - LoginBtn': I should see 'Login/android.view.ViewGroup - LoginBtn'

2023-10-19 06:40:49 - [MESSAGE][PASSED] - Delayed 1 second(s)

2023-10-19 06:40:50 - [MESSAGE][PASSED] - Element 'Object Repository/Login/android.view.ViewGroup - LoginBtn' is visible

2023-10-19 06:40:50 - [MESSAGE][PASSED] - Element 'Object Repository/Login/android.view.ViewGroup - LoginBtn' is present

2023-10-19 06:40:50 - [MESSAGE][PASSED] - I should see 'Login/android.view.ViewGroup - LoginBtn'

2023-10-19 06:40:50 - [TEST_STEP][PASSED] - I click 'Login/android.view.ViewGroup - LoginBtn': I click 'Login/android.view.ViewGroup - LoginBtn'

2023-10-19 06:40:50 - [MESSAGE][PASSED] - Element 'Object Repository/Login/android.view.ViewGroup - LoginBtn' is visible

2023-10-19 06:40:50 - [MESSAGE][PASSED] - Tapped on element 'Object Repository/Login/android.view.ViewGroup - LoginBtn'

2023-10-19 06:40:50 - [MESSAGE][PASSED] - I click 'Login/android.view.ViewGroup - LoginBtn'

2023-10-19 06:40:50 - [TEST_STEP][PASSED] - I wait for 2 seconds: I wait for 2 seconds

2023-10-19 06:40:52 - [MESSAGE][PASSED] - Delayed 2 second(s)

2023-10-19 06:40:52 - [MESSAGE][PASSED] - I wait for 2 seconds

2023-10-19 06:40:52 - [TEST_CASE][PASSED] - Start Test Case : SCENARIO Open Product using basic xpath: SCENARIO Open Product using basic xpath

2023-10-19 06:40:52 - [TEST_STEP][PASSED] - I should see 'Items/android.widget.TextView - Product': I should see 'Items/android.widget.TextView - Product'

2023-10-19 06:40:53 - [MESSAGE][PASSED] - Delayed 1 second(s)

2023-10-19 06:40:54 - [MESSAGE][PASSED] - Element 'Object Repository/Items/android.widget.TextView - Product' is visible

2023-10-19 06:40:54 - [MESSAGE][PASSED] - Element 'Object Repository/Items/android.widget.TextView - Product' is present

2023-10-19 06:40:54 - [MESSAGE][PASSED] - I should see 'Items/android.widget.TextView - Product'

2023-10-19 06:40:54 - [TEST_STEP][PASSED] - I click 'Items/android.widget.TextView - Product': I click 'Items/android.widget.TextView - Product'

2023-10-19 06:40:55 - [MESSAGE][PASSED] - Element 'Object Repository/Items/android.widget.TextView - Product' is visible

2023-10-19 06:40:55 - [MESSAGE][PASSED] - Tapped on element 'Object Repository/Items/android.widget.TextView - Product'

2023-10-19 06:40:55 - [MESSAGE][PASSED] - I click 'Items/android.widget.TextView - Product'

2023-10-19 06:40:55 - [TEST_STEP][PASSED] - I wait for 1 seconds: I wait for 1 seconds

2023-10-19 06:40:56 - [MESSAGE][PASSED] - Delayed 1 second(s)

2023-10-19 06:40:56 - [MESSAGE][PASSED] - I wait for 1 seconds

2023-10-19 06:40:56 - [TEST_CASE][PASSED] - Start Test Case : SCENARIO Logout App: SCENARIO Logout App

2023-10-19 06:40:56 - [TEST_STEP][PASSED] - I should see 'Items/android.view.ViewGroup - BurgerBtn': I should see 'Items/android.view.ViewGroup - BurgerBtn'

2023-10-19 06:40:57 - [MESSAGE][PASSED] - Delayed 1 second(s)

2023-10-19 06:40:57 - [MESSAGE][PASSED] - Element 'Object Repository/Items/android.view.ViewGroup - BurgerBtn' is visible

2023-10-19 06:40:57 - [MESSAGE][PASSED] - Element 'Object Repository/Items/android.view.ViewGroup - BurgerBtn' is present

2023-10-19 06:40:57 - [MESSAGE][PASSED] - I should see 'Items/android.view.ViewGroup - BurgerBtn'

2023-10-19 06:40:57 - [TEST_STEP][PASSED] - I click 'Items/android.view.ViewGroup - BurgerBtn': I click 'Items/android.view.ViewGroup - BurgerBtn'

2023-10-19 06:40:58 - [MESSAGE][PASSED] - Element 'Object Repository/Items/android.view.ViewGroup - BurgerBtn' is visible

2023-10-19 06:40:58 - [MESSAGE][PASSED] - Tapped on element 'Object Repository/Items/android.view.ViewGroup - BurgerBtn'

2023-10-19 06:40:58 - [MESSAGE][PASSED] - I click 'Items/android.view.ViewGroup - BurgerBtn'

2023-10-19 06:40:58 - [TEST_STEP][PASSED] - I wait for 1 seconds: I wait for 1 seconds

2023-10-19 06:40:59 - [MESSAGE][PASSED] - Delayed 1 second(s)

2023-10-19 06:40:59 - [MESSAGE][PASSED] - I wait for 1 seconds

2023-10-19 06:40:59 - [TEST_STEP][PASSED] - I should see 'Logout/android.view.ViewGroup - LogoutBtn': I should see 'Logout/android.view.ViewGroup - LogoutBtn'

2023-10-19 06:41:00 - [MESSAGE][PASSED] - Delayed 1 second(s)

2023-10-19 06:41:01 - [MESSAGE][PASSED] - Element 'Object Repository/Logout/android.view.ViewGroup - LogoutBtn' is visible

2023-10-19 06:41:01 - [MESSAGE][PASSED] - Element 'Object Repository/Logout/android.view.ViewGroup - LogoutBtn' is present

2023-10-19 06:41:01 - [MESSAGE][PASSED] - I should see 'Logout/android.view.ViewGroup - LogoutBtn'

2023-10-19 06:41:01 - [TEST_STEP][PASSED] - I click 'Logout/android.view.ViewGroup - LogoutBtn': I click 'Logout/android.view.ViewGroup - LogoutBtn'

2023-10-19 06:41:01 - [MESSAGE][PASSED] - Element 'Object Repository/Logout/android.view.ViewGroup - LogoutBtn' is visible

2023-10-19 06:41:02 - [MESSAGE][PASSED] - Tapped on element 'Object Repository/Logout/android.view.ViewGroup - LogoutBtn'

2023-10-19 06:41:02 - [MESSAGE][PASSED] - I click 'Logout/android.view.ViewGroup - LogoutBtn'

2023-10-19 06:41:02 - [TEST_STEP][PASSED] - I wait for 1 seconds: I wait for 1 seconds

2023-10-19 06:41:03 - [MESSAGE][PASSED] - Delayed 1 second(s)

2023-10-19 06:41:03 - [MESSAGE][PASSED] - I wait for 1 seconds

2023-10-19 06:41:03 - [MESSAGE][PASSED] - Feature file: 'Include/features/Homepage Swaglabs/See all item using basic xpath.feature' was passed

2023-10-19 06:41:03 - [TEST_STEP][PASSED] - closeApplication(): Close app successfully

2023-10-19 06:41:04 - [MESSAGE][PASSED] - Close app successfully]]></system-out>
         <system-err><![CDATA[]]></system-err>
      </testcase>
      <testcase name="Test Cases/TC see all item using preciding-siblings" time="69.757" classname="Test Cases/TC see all item using preciding-siblings" status="PASSED">
         <system-out><![CDATA[2023-10-19 06:41:04 - [TEST_CASE][PASSED] - Test Cases/TC see all item using preciding-siblings: Test Cases/TC see all item using preciding-siblings

2023-10-19 06:41:04 - [TEST_STEP][PASSED] - runFeatureFile("Include/features/Homepage Swaglabs/See all item using preciding siblings.feature"): Feature file: 'Include/features/Homepage Swaglabs/See all item using preciding siblings.feature' was passed

2023-10-19 06:41:04 - [MESSAGE][INFO] - Starting run keyword runFeatureFile: 'Include/features/Homepage Swaglabs/See all item using preciding siblings.feature' and extract report to folder: '/Users/feeder_aginta/Documents/SauceDemo/Sauce-Demo-Android/Reports/20231019_063843/TS Swag Labs/All TS Swag Labs/20231019_063843/cucumber_report/1697672464662'...

2023-10-19 06:41:04 - [TEST_CASE][PASSED] - Start Test Case : SCENARIO Open SwagLabs System App: SCENARIO Open SwagLabs System App

2023-10-19 06:41:04 - [TEST_STEP][PASSED] - I open default app: I open default app

2023-10-19 06:41:50 - [MESSAGE][PASSED] - Delayed 5 second(s)

2023-10-19 06:41:50 - [MESSAGE][PASSED] - I open default app

2023-10-19 06:41:50 - [TEST_CASE][PASSED] - Start Test Case : SCENARIO Open SwagLabs App to login App: SCENARIO Open SwagLabs App to login App

2023-10-19 06:41:50 - [TEST_STEP][PASSED] - I should see 'Login/android.widget.EditText - Username': I should see 'Login/android.widget.EditText - Username'

2023-10-19 06:41:51 - [MESSAGE][PASSED] - Delayed 1 second(s)

2023-10-19 06:41:51 - [MESSAGE][PASSED] - Element 'Object Repository/Login/android.widget.EditText - Username' is visible

2023-10-19 06:41:51 - [MESSAGE][PASSED] - Element 'Object Repository/Login/android.widget.EditText - Username' is present

2023-10-19 06:41:51 - [MESSAGE][PASSED] - I should see 'Login/android.widget.EditText - Username'

2023-10-19 06:41:51 - [TEST_STEP][PASSED] - I type 'standard_user' on 'Login/android.widget.EditText - Username': I type 'standard_user' on 'Login/android.widget.EditText - Username'

2023-10-19 06:41:51 - [MESSAGE][PASSED] - Element 'Object Repository/Login/android.widget.EditText - Username' is visible

2023-10-19 06:41:52 - [MESSAGE][PASSED] - Element 'Object Repository/Login/android.widget.EditText - Username' text is cleared

2023-10-19 06:41:53 - [MESSAGE][PASSED] - Text 'standard_user' has been set to element 'Object Repository/Login/android.widget.EditText - Username'

2023-10-19 06:41:53 - [MESSAGE][PASSED] - I type 'standard_user' on 'Login/android.widget.EditText - Username'

2023-10-19 06:41:53 - [TEST_STEP][PASSED] - I wait for 1 seconds: I wait for 1 seconds

2023-10-19 06:41:54 - [MESSAGE][PASSED] - Delayed 1 second(s)

2023-10-19 06:41:54 - [MESSAGE][PASSED] - I wait for 1 seconds

2023-10-19 06:41:54 - [TEST_STEP][PASSED] - I should see 'Login/android.widget.EditText - Password': I should see 'Login/android.widget.EditText - Password'

2023-10-19 06:41:55 - [MESSAGE][PASSED] - Delayed 1 second(s)

2023-10-19 06:41:56 - [MESSAGE][PASSED] - Element 'Object Repository/Login/android.widget.EditText - Password' is visible

2023-10-19 06:41:56 - [MESSAGE][PASSED] - Element 'Object Repository/Login/android.widget.EditText - Password' is present

2023-10-19 06:41:56 - [MESSAGE][PASSED] - I should see 'Login/android.widget.EditText - Password'

2023-10-19 06:41:56 - [TEST_STEP][PASSED] - I type 'secret_sauce' on 'Login/android.widget.EditText - Password': I type 'secret_sauce' on 'Login/android.widget.EditText - Password'

2023-10-19 06:41:56 - [MESSAGE][PASSED] - Element 'Object Repository/Login/android.widget.EditText - Password' is visible

2023-10-19 06:41:56 - [MESSAGE][PASSED] - Element 'Object Repository/Login/android.widget.EditText - Password' text is cleared

2023-10-19 06:41:57 - [MESSAGE][PASSED] - Text 'secret_sauce' has been set to element 'Object Repository/Login/android.widget.EditText - Password'

2023-10-19 06:41:57 - [MESSAGE][PASSED] - I type 'secret_sauce' on 'Login/android.widget.EditText - Password'

2023-10-19 06:41:57 - [TEST_STEP][PASSED] - I wait for 1 seconds: I wait for 1 seconds

2023-10-19 06:41:59 - [MESSAGE][PASSED] - Delayed 1 second(s)

2023-10-19 06:41:59 - [MESSAGE][PASSED] - I wait for 1 seconds

2023-10-19 06:41:59 - [TEST_STEP][PASSED] - I should see 'Login/android.view.ViewGroup - LoginBtn': I should see 'Login/android.view.ViewGroup - LoginBtn'

2023-10-19 06:42:00 - [MESSAGE][PASSED] - Delayed 1 second(s)

2023-10-19 06:42:00 - [MESSAGE][PASSED] - Element 'Object Repository/Login/android.view.ViewGroup - LoginBtn' is visible

2023-10-19 06:42:00 - [MESSAGE][PASSED] - Element 'Object Repository/Login/android.view.ViewGroup - LoginBtn' is present

2023-10-19 06:42:00 - [MESSAGE][PASSED] - I should see 'Login/android.view.ViewGroup - LoginBtn'

2023-10-19 06:42:00 - [TEST_STEP][PASSED] - I click 'Login/android.view.ViewGroup - LoginBtn': I click 'Login/android.view.ViewGroup - LoginBtn'

2023-10-19 06:42:00 - [MESSAGE][PASSED] - Element 'Object Repository/Login/android.view.ViewGroup - LoginBtn' is visible

2023-10-19 06:42:00 - [MESSAGE][PASSED] - Tapped on element 'Object Repository/Login/android.view.ViewGroup - LoginBtn'

2023-10-19 06:42:00 - [MESSAGE][PASSED] - I click 'Login/android.view.ViewGroup - LoginBtn'

2023-10-19 06:42:00 - [TEST_STEP][PASSED] - I wait for 2 seconds: I wait for 2 seconds

2023-10-19 06:42:02 - [MESSAGE][PASSED] - Delayed 2 second(s)

2023-10-19 06:42:02 - [MESSAGE][PASSED] - I wait for 2 seconds

2023-10-19 06:42:02 - [TEST_CASE][PASSED] - Start Test Case : SCENARIO Open item using preciding sibling: SCENARIO Open item using preciding sibling

2023-10-19 06:42:02 - [TEST_STEP][PASSED] - I should see 'Items/android.view.ViewGroup - Item Preceding Sibling': I should see 'Items/android.view.ViewGroup - Item Preceding Sibling'

2023-10-19 06:42:03 - [MESSAGE][PASSED] - Delayed 1 second(s)

2023-10-19 06:42:04 - [MESSAGE][PASSED] - Element 'Object Repository/Items/android.view.ViewGroup - Item Preceding Sibling' is visible

2023-10-19 06:42:04 - [MESSAGE][PASSED] - Element 'Object Repository/Items/android.view.ViewGroup - Item Preceding Sibling' is present

2023-10-19 06:42:04 - [MESSAGE][PASSED] - I should see 'Items/android.view.ViewGroup - Item Preceding Sibling'

2023-10-19 06:42:04 - [TEST_STEP][PASSED] - I wait for 1 seconds: I wait for 1 seconds

2023-10-19 06:42:05 - [MESSAGE][PASSED] - Delayed 1 second(s)

2023-10-19 06:42:05 - [MESSAGE][PASSED] - I wait for 1 seconds

2023-10-19 06:42:05 - [TEST_CASE][PASSED] - Start Test Case : SCENARIO Logout App: SCENARIO Logout App

2023-10-19 06:42:05 - [TEST_STEP][PASSED] - I should see 'Items/android.view.ViewGroup - BurgerBtn': I should see 'Items/android.view.ViewGroup - BurgerBtn'

2023-10-19 06:42:06 - [MESSAGE][PASSED] - Delayed 1 second(s)

2023-10-19 06:42:07 - [MESSAGE][PASSED] - Element 'Object Repository/Items/android.view.ViewGroup - BurgerBtn' is visible

2023-10-19 06:42:07 - [MESSAGE][PASSED] - Element 'Object Repository/Items/android.view.ViewGroup - BurgerBtn' is present

2023-10-19 06:42:07 - [MESSAGE][PASSED] - I should see 'Items/android.view.ViewGroup - BurgerBtn'

2023-10-19 06:42:07 - [TEST_STEP][PASSED] - I click 'Items/android.view.ViewGroup - BurgerBtn': I click 'Items/android.view.ViewGroup - BurgerBtn'

2023-10-19 06:42:08 - [MESSAGE][PASSED] - Element 'Object Repository/Items/android.view.ViewGroup - BurgerBtn' is visible

2023-10-19 06:42:08 - [MESSAGE][PASSED] - Tapped on element 'Object Repository/Items/android.view.ViewGroup - BurgerBtn'

2023-10-19 06:42:08 - [MESSAGE][PASSED] - I click 'Items/android.view.ViewGroup - BurgerBtn'

2023-10-19 06:42:08 - [TEST_STEP][PASSED] - I wait for 1 seconds: I wait for 1 seconds

2023-10-19 06:42:09 - [MESSAGE][PASSED] - Delayed 1 second(s)

2023-10-19 06:42:09 - [MESSAGE][PASSED] - I wait for 1 seconds

2023-10-19 06:42:09 - [TEST_STEP][PASSED] - I should see 'Logout/android.view.ViewGroup - LogoutBtn': I should see 'Logout/android.view.ViewGroup - LogoutBtn'

2023-10-19 06:42:10 - [MESSAGE][PASSED] - Delayed 1 second(s)

2023-10-19 06:42:10 - [MESSAGE][PASSED] - Element 'Object Repository/Logout/android.view.ViewGroup - LogoutBtn' is visible

2023-10-19 06:42:11 - [MESSAGE][PASSED] - Element 'Object Repository/Logout/android.view.ViewGroup - LogoutBtn' is present

2023-10-19 06:42:11 - [MESSAGE][PASSED] - I should see 'Logout/android.view.ViewGroup - LogoutBtn'

2023-10-19 06:42:11 - [TEST_STEP][PASSED] - I click 'Logout/android.view.ViewGroup - LogoutBtn': I click 'Logout/android.view.ViewGroup - LogoutBtn'

2023-10-19 06:42:11 - [MESSAGE][PASSED] - Element 'Object Repository/Logout/android.view.ViewGroup - LogoutBtn' is visible

2023-10-19 06:42:12 - [MESSAGE][PASSED] - Tapped on element 'Object Repository/Logout/android.view.ViewGroup - LogoutBtn'

2023-10-19 06:42:12 - [MESSAGE][PASSED] - I click 'Logout/android.view.ViewGroup - LogoutBtn'

2023-10-19 06:42:12 - [TEST_STEP][PASSED] - I wait for 1 seconds: I wait for 1 seconds

2023-10-19 06:42:13 - [MESSAGE][PASSED] - Delayed 1 second(s)

2023-10-19 06:42:13 - [MESSAGE][PASSED] - I wait for 1 seconds

2023-10-19 06:42:13 - [MESSAGE][PASSED] - Feature file: 'Include/features/Homepage Swaglabs/See all item using preciding siblings.feature' was passed

2023-10-19 06:42:13 - [TEST_STEP][PASSED] - closeApplication(): Close app successfully

2023-10-19 06:42:14 - [MESSAGE][PASSED] - Close app successfully]]></system-out>
         <system-err><![CDATA[]]></system-err>
      </testcase>
      <testcase name="Test Cases/TC see pick one product using contains xpath" time="71.596" classname="Test Cases/TC see pick one product using contains xpath" status="PASSED">
         <system-out><![CDATA[2023-10-19 06:42:14 - [TEST_CASE][PASSED] - Test Cases/TC see pick one product using contains xpath: Test Cases/TC see pick one product using contains xpath

2023-10-19 06:42:14 - [TEST_STEP][PASSED] - runFeatureFile("Include/features/Homepage Swaglabs/See pick one product using contains xpath.feature"): Feature file: 'Include/features/Homepage Swaglabs/See pick one product using contains xpath.feature' was passed

2023-10-19 06:42:14 - [MESSAGE][INFO] - Starting run keyword runFeatureFile: 'Include/features/Homepage Swaglabs/See pick one product using contains xpath.feature' and extract report to folder: '/Users/feeder_aginta/Documents/SauceDemo/Sauce-Demo-Android/Reports/20231019_063843/TS Swag Labs/All TS Swag Labs/20231019_063843/cucumber_report/1697672534409'...

2023-10-19 06:42:14 - [TEST_CASE][PASSED] - Start Test Case : SCENARIO Open SwagLabs System App: SCENARIO Open SwagLabs System App

2023-10-19 06:42:14 - [TEST_STEP][PASSED] - I open default app: I open default app

2023-10-19 06:42:57 - [MESSAGE][PASSED] - Delayed 5 second(s)

2023-10-19 06:42:57 - [MESSAGE][PASSED] - I open default app

2023-10-19 06:42:57 - [TEST_CASE][PASSED] - Start Test Case : SCENARIO Open SwagLabs App to login App: SCENARIO Open SwagLabs App to login App

2023-10-19 06:42:57 - [TEST_STEP][PASSED] - I should see 'Login/android.widget.EditText - Username': I should see 'Login/android.widget.EditText - Username'

2023-10-19 06:42:58 - [MESSAGE][PASSED] - Delayed 1 second(s)

2023-10-19 06:42:58 - [MESSAGE][PASSED] - Element 'Object Repository/Login/android.widget.EditText - Username' is visible

2023-10-19 06:42:58 - [MESSAGE][PASSED] - Element 'Object Repository/Login/android.widget.EditText - Username' is present

2023-10-19 06:42:58 - [MESSAGE][PASSED] - I should see 'Login/android.widget.EditText - Username'

2023-10-19 06:42:58 - [TEST_STEP][PASSED] - I type 'standard_user' on 'Login/android.widget.EditText - Username': I type 'standard_user' on 'Login/android.widget.EditText - Username'

2023-10-19 06:42:59 - [MESSAGE][PASSED] - Element 'Object Repository/Login/android.widget.EditText - Username' is visible

2023-10-19 06:42:59 - [MESSAGE][PASSED] - Element 'Object Repository/Login/android.widget.EditText - Username' text is cleared

2023-10-19 06:43:01 - [MESSAGE][PASSED] - Text 'standard_user' has been set to element 'Object Repository/Login/android.widget.EditText - Username'

2023-10-19 06:43:01 - [MESSAGE][PASSED] - I type 'standard_user' on 'Login/android.widget.EditText - Username'

2023-10-19 06:43:01 - [TEST_STEP][PASSED] - I wait for 1 seconds: I wait for 1 seconds

2023-10-19 06:43:02 - [MESSAGE][PASSED] - Delayed 1 second(s)

2023-10-19 06:43:02 - [MESSAGE][PASSED] - I wait for 1 seconds

2023-10-19 06:43:02 - [TEST_STEP][PASSED] - I should see 'Login/android.widget.EditText - Password': I should see 'Login/android.widget.EditText - Password'

2023-10-19 06:43:03 - [MESSAGE][PASSED] - Delayed 1 second(s)

2023-10-19 06:43:03 - [MESSAGE][PASSED] - Element 'Object Repository/Login/android.widget.EditText - Password' is visible

2023-10-19 06:43:03 - [MESSAGE][PASSED] - Element 'Object Repository/Login/android.widget.EditText - Password' is present

2023-10-19 06:43:03 - [MESSAGE][PASSED] - I should see 'Login/android.widget.EditText - Password'

2023-10-19 06:43:03 - [TEST_STEP][PASSED] - I type 'secret_sauce' on 'Login/android.widget.EditText - Password': I type 'secret_sauce' on 'Login/android.widget.EditText - Password'

2023-10-19 06:43:03 - [MESSAGE][PASSED] - Element 'Object Repository/Login/android.widget.EditText - Password' is visible

2023-10-19 06:43:04 - [MESSAGE][PASSED] - Element 'Object Repository/Login/android.widget.EditText - Password' text is cleared

2023-10-19 06:43:05 - [MESSAGE][PASSED] - Text 'secret_sauce' has been set to element 'Object Repository/Login/android.widget.EditText - Password'

2023-10-19 06:43:05 - [MESSAGE][PASSED] - I type 'secret_sauce' on 'Login/android.widget.EditText - Password'

2023-10-19 06:43:05 - [TEST_STEP][PASSED] - I wait for 1 seconds: I wait for 1 seconds

2023-10-19 06:43:06 - [MESSAGE][PASSED] - Delayed 1 second(s)

2023-10-19 06:43:06 - [MESSAGE][PASSED] - I wait for 1 seconds

2023-10-19 06:43:06 - [TEST_STEP][PASSED] - I should see 'Login/android.view.ViewGroup - LoginBtn': I should see 'Login/android.view.ViewGroup - LoginBtn'

2023-10-19 06:43:07 - [MESSAGE][PASSED] - Delayed 1 second(s)

2023-10-19 06:43:08 - [MESSAGE][PASSED] - Element 'Object Repository/Login/android.view.ViewGroup - LoginBtn' is visible

2023-10-19 06:43:08 - [MESSAGE][PASSED] - Element 'Object Repository/Login/android.view.ViewGroup - LoginBtn' is present

2023-10-19 06:43:08 - [MESSAGE][PASSED] - I should see 'Login/android.view.ViewGroup - LoginBtn'

2023-10-19 06:43:08 - [TEST_STEP][PASSED] - I click 'Login/android.view.ViewGroup - LoginBtn': I click 'Login/android.view.ViewGroup - LoginBtn'

2023-10-19 06:43:08 - [MESSAGE][PASSED] - Element 'Object Repository/Login/android.view.ViewGroup - LoginBtn' is visible

2023-10-19 06:43:08 - [MESSAGE][PASSED] - Tapped on element 'Object Repository/Login/android.view.ViewGroup - LoginBtn'

2023-10-19 06:43:08 - [MESSAGE][PASSED] - I click 'Login/android.view.ViewGroup - LoginBtn'

2023-10-19 06:43:08 - [TEST_STEP][PASSED] - I wait for 2 seconds: I wait for 2 seconds

2023-10-19 06:43:10 - [MESSAGE][PASSED] - Delayed 2 second(s)

2023-10-19 06:43:10 - [MESSAGE][PASSED] - I wait for 2 seconds

2023-10-19 06:43:10 - [TEST_CASE][PASSED] - Start Test Case : SCENARIO Pick One Product using contains xpath: SCENARIO Pick One Product using contains xpath

2023-10-19 06:43:10 - [TEST_STEP][PASSED] - I should see 'Items/android.view.ViewGroup - View product vertical': I should see 'Items/android.view.ViewGroup - View product vertical'

2023-10-19 06:43:11 - [MESSAGE][PASSED] - Delayed 1 second(s)

2023-10-19 06:43:12 - [MESSAGE][PASSED] - Element 'Object Repository/Items/android.view.ViewGroup - View product vertical' is visible

2023-10-19 06:43:12 - [MESSAGE][PASSED] - Element 'Object Repository/Items/android.view.ViewGroup - View product vertical' is present

2023-10-19 06:43:12 - [MESSAGE][PASSED] - I should see 'Items/android.view.ViewGroup - View product vertical'

2023-10-19 06:43:12 - [TEST_STEP][PASSED] - I click 'Items/android.view.ViewGroup - View product vertical': I click 'Items/android.view.ViewGroup - View product vertical'

2023-10-19 06:43:12 - [MESSAGE][PASSED] - Element 'Object Repository/Items/android.view.ViewGroup - View product vertical' is visible

2023-10-19 06:43:13 - [MESSAGE][PASSED] - Tapped on element 'Object Repository/Items/android.view.ViewGroup - View product vertical'

2023-10-19 06:43:13 - [MESSAGE][PASSED] - I click 'Items/android.view.ViewGroup - View product vertical'

2023-10-19 06:43:13 - [TEST_STEP][PASSED] - I wait for 1 seconds: I wait for 1 seconds

2023-10-19 06:43:14 - [MESSAGE][PASSED] - Delayed 1 second(s)

2023-10-19 06:43:14 - [MESSAGE][PASSED] - I wait for 1 seconds

2023-10-19 06:43:14 - [TEST_STEP][PASSED] - I should see 'Items/android.view.ViewGroup - Item contains': I should see 'Items/android.view.ViewGroup - Item contains'

2023-10-19 06:43:15 - [MESSAGE][PASSED] - Delayed 1 second(s)

2023-10-19 06:43:15 - [MESSAGE][PASSED] - Element 'Object Repository/Items/android.view.ViewGroup - Item contains' is visible

2023-10-19 06:43:16 - [MESSAGE][PASSED] - Element 'Object Repository/Items/android.view.ViewGroup - Item contains' is present

2023-10-19 06:43:16 - [MESSAGE][PASSED] - I should see 'Items/android.view.ViewGroup - Item contains'

2023-10-19 06:43:16 - [TEST_STEP][PASSED] - I wait for 1 seconds: I wait for 1 seconds

2023-10-19 06:43:17 - [MESSAGE][PASSED] - Delayed 1 second(s)

2023-10-19 06:43:17 - [MESSAGE][PASSED] - I wait for 1 seconds

2023-10-19 06:43:17 - [TEST_CASE][PASSED] - Start Test Case : SCENARIO Logout App: SCENARIO Logout App

2023-10-19 06:43:17 - [TEST_STEP][PASSED] - I should see 'Items/android.view.ViewGroup - BurgerBtn': I should see 'Items/android.view.ViewGroup - BurgerBtn'

2023-10-19 06:43:18 - [MESSAGE][PASSED] - Delayed 1 second(s)

2023-10-19 06:43:18 - [MESSAGE][PASSED] - Element 'Object Repository/Items/android.view.ViewGroup - BurgerBtn' is visible

2023-10-19 06:43:19 - [MESSAGE][PASSED] - Element 'Object Repository/Items/android.view.ViewGroup - BurgerBtn' is present

2023-10-19 06:43:19 - [MESSAGE][PASSED] - I should see 'Items/android.view.ViewGroup - BurgerBtn'

2023-10-19 06:43:19 - [TEST_STEP][PASSED] - I click 'Items/android.view.ViewGroup - BurgerBtn': I click 'Items/android.view.ViewGroup - BurgerBtn'

2023-10-19 06:43:19 - [MESSAGE][PASSED] - Element 'Object Repository/Items/android.view.ViewGroup - BurgerBtn' is visible

2023-10-19 06:43:19 - [MESSAGE][PASSED] - Tapped on element 'Object Repository/Items/android.view.ViewGroup - BurgerBtn'

2023-10-19 06:43:19 - [MESSAGE][PASSED] - I click 'Items/android.view.ViewGroup - BurgerBtn'

2023-10-19 06:43:19 - [TEST_STEP][PASSED] - I wait for 1 seconds: I wait for 1 seconds

2023-10-19 06:43:20 - [MESSAGE][PASSED] - Delayed 1 second(s)

2023-10-19 06:43:20 - [MESSAGE][PASSED] - I wait for 1 seconds

2023-10-19 06:43:20 - [TEST_STEP][PASSED] - I should see 'Logout/android.view.ViewGroup - LogoutBtn': I should see 'Logout/android.view.ViewGroup - LogoutBtn'

2023-10-19 06:43:21 - [MESSAGE][PASSED] - Delayed 1 second(s)

2023-10-19 06:43:22 - [MESSAGE][PASSED] - Element 'Object Repository/Logout/android.view.ViewGroup - LogoutBtn' is visible

2023-10-19 06:43:22 - [MESSAGE][PASSED] - Element 'Object Repository/Logout/android.view.ViewGroup - LogoutBtn' is present

2023-10-19 06:43:22 - [MESSAGE][PASSED] - I should see 'Logout/android.view.ViewGroup - LogoutBtn'

2023-10-19 06:43:22 - [TEST_STEP][PASSED] - I click 'Logout/android.view.ViewGroup - LogoutBtn': I click 'Logout/android.view.ViewGroup - LogoutBtn'

2023-10-19 06:43:23 - [MESSAGE][PASSED] - Element 'Object Repository/Logout/android.view.ViewGroup - LogoutBtn' is visible

2023-10-19 06:43:23 - [MESSAGE][PASSED] - Tapped on element 'Object Repository/Logout/android.view.ViewGroup - LogoutBtn'

2023-10-19 06:43:23 - [MESSAGE][PASSED] - I click 'Logout/android.view.ViewGroup - LogoutBtn'

2023-10-19 06:43:23 - [TEST_STEP][PASSED] - I wait for 1 seconds: I wait for 1 seconds

2023-10-19 06:43:24 - [MESSAGE][PASSED] - Delayed 1 second(s)

2023-10-19 06:43:24 - [MESSAGE][PASSED] - I wait for 1 seconds

2023-10-19 06:43:24 - [MESSAGE][PASSED] - Feature file: 'Include/features/Homepage Swaglabs/See pick one product using contains xpath.feature' was passed

2023-10-19 06:43:24 - [TEST_STEP][PASSED] - closeApplication(): Close app successfully

2023-10-19 06:43:25 - [MESSAGE][PASSED] - Close app successfully]]></system-out>
         <system-err><![CDATA[]]></system-err>
      </testcase>
      <testcase name="Test Cases/TC see pick one product using following sibling xpath" time="70.47" classname="Test Cases/TC see pick one product using following sibling xpath" status="PASSED">
         <system-out><![CDATA[2023-10-19 06:43:25 - [TEST_CASE][PASSED] - Test Cases/TC see pick one product using following sibling xpath: Test Cases/TC see pick one product using following sibling xpath

2023-10-19 06:43:25 - [TEST_STEP][PASSED] - runFeatureFile("Include/features/Homepage Swaglabs/See pick one product using following sibling xpath.feature"): Feature file: 'Include/features/Homepage Swaglabs/See pick one product using following sibling xpath.feature' was passed

2023-10-19 06:43:25 - [MESSAGE][INFO] - Starting run keyword runFeatureFile: 'Include/features/Homepage Swaglabs/See pick one product using following sibling xpath.feature' and extract report to folder: '/Users/feeder_aginta/Documents/SauceDemo/Sauce-Demo-Android/Reports/20231019_063843/TS Swag Labs/All TS Swag Labs/20231019_063843/cucumber_report/1697672605976'...

2023-10-19 06:43:26 - [TEST_CASE][PASSED] - Start Test Case : SCENARIO Open SwagLabs System App: SCENARIO Open SwagLabs System App

2023-10-19 06:43:26 - [TEST_STEP][PASSED] - I open default app: I open default app

2023-10-19 06:44:16 - [MESSAGE][PASSED] - Delayed 5 second(s)

2023-10-19 06:44:16 - [MESSAGE][PASSED] - I open default app

2023-10-19 06:44:16 - [TEST_CASE][PASSED] - Start Test Case : SCENARIO Open SwagLabs App to login App: SCENARIO Open SwagLabs App to login App

2023-10-19 06:44:16 - [TEST_STEP][PASSED] - I should see 'Login/android.widget.EditText - Username': I should see 'Login/android.widget.EditText - Username'

2023-10-19 06:44:17 - [MESSAGE][PASSED] - Delayed 1 second(s)

2023-10-19 06:44:17 - [MESSAGE][PASSED] - Element 'Object Repository/Login/android.widget.EditText - Username' is visible

2023-10-19 06:44:17 - [MESSAGE][PASSED] - Element 'Object Repository/Login/android.widget.EditText - Username' is present

2023-10-19 06:44:17 - [MESSAGE][PASSED] - I should see 'Login/android.widget.EditText - Username'

2023-10-19 06:44:17 - [TEST_STEP][PASSED] - I type 'standard_user' on 'Login/android.widget.EditText - Username': I type 'standard_user' on 'Login/android.widget.EditText - Username'

2023-10-19 06:44:17 - [MESSAGE][PASSED] - Element 'Object Repository/Login/android.widget.EditText - Username' is visible

2023-10-19 06:44:18 - [MESSAGE][PASSED] - Element 'Object Repository/Login/android.widget.EditText - Username' text is cleared

2023-10-19 06:44:19 - [MESSAGE][PASSED] - Text 'standard_user' has been set to element 'Object Repository/Login/android.widget.EditText - Username'

2023-10-19 06:44:19 - [MESSAGE][PASSED] - I type 'standard_user' on 'Login/android.widget.EditText - Username'

2023-10-19 06:44:19 - [TEST_STEP][PASSED] - I wait for 1 seconds: I wait for 1 seconds

2023-10-19 06:44:20 - [MESSAGE][PASSED] - Delayed 1 second(s)

2023-10-19 06:44:20 - [MESSAGE][PASSED] - I wait for 1 seconds

2023-10-19 06:44:20 - [TEST_STEP][PASSED] - I should see 'Login/android.widget.EditText - Password': I should see 'Login/android.widget.EditText - Password'

2023-10-19 06:44:21 - [MESSAGE][PASSED] - Delayed 1 second(s)

2023-10-19 06:44:21 - [MESSAGE][PASSED] - Element 'Object Repository/Login/android.widget.EditText - Password' is visible

2023-10-19 06:44:21 - [MESSAGE][PASSED] - Element 'Object Repository/Login/android.widget.EditText - Password' is present

2023-10-19 06:44:21 - [MESSAGE][PASSED] - I should see 'Login/android.widget.EditText - Password'

2023-10-19 06:44:21 - [TEST_STEP][PASSED] - I type 'secret_sauce' on 'Login/android.widget.EditText - Password': I type 'secret_sauce' on 'Login/android.widget.EditText - Password'

2023-10-19 06:44:22 - [MESSAGE][PASSED] - Element 'Object Repository/Login/android.widget.EditText - Password' is visible

2023-10-19 06:44:22 - [MESSAGE][PASSED] - Element 'Object Repository/Login/android.widget.EditText - Password' text is cleared

2023-10-19 06:44:23 - [MESSAGE][PASSED] - Text 'secret_sauce' has been set to element 'Object Repository/Login/android.widget.EditText - Password'

2023-10-19 06:44:23 - [MESSAGE][PASSED] - I type 'secret_sauce' on 'Login/android.widget.EditText - Password'

2023-10-19 06:44:23 - [TEST_STEP][PASSED] - I wait for 1 seconds: I wait for 1 seconds

2023-10-19 06:44:24 - [MESSAGE][PASSED] - Delayed 1 second(s)

2023-10-19 06:44:24 - [MESSAGE][PASSED] - I wait for 1 seconds

2023-10-19 06:44:24 - [TEST_STEP][PASSED] - I should see 'Login/android.view.ViewGroup - LoginBtn': I should see 'Login/android.view.ViewGroup - LoginBtn'

2023-10-19 06:44:25 - [MESSAGE][PASSED] - Delayed 1 second(s)

2023-10-19 06:44:25 - [MESSAGE][PASSED] - Element 'Object Repository/Login/android.view.ViewGroup - LoginBtn' is visible

2023-10-19 06:44:25 - [MESSAGE][PASSED] - Element 'Object Repository/Login/android.view.ViewGroup - LoginBtn' is present

2023-10-19 06:44:25 - [MESSAGE][PASSED] - I should see 'Login/android.view.ViewGroup - LoginBtn'

2023-10-19 06:44:25 - [TEST_STEP][PASSED] - I click 'Login/android.view.ViewGroup - LoginBtn': I click 'Login/android.view.ViewGroup - LoginBtn'

2023-10-19 06:44:26 - [MESSAGE][PASSED] - Element 'Object Repository/Login/android.view.ViewGroup - LoginBtn' is visible

2023-10-19 06:44:26 - [MESSAGE][PASSED] - Tapped on element 'Object Repository/Login/android.view.ViewGroup - LoginBtn'

2023-10-19 06:44:26 - [MESSAGE][PASSED] - I click 'Login/android.view.ViewGroup - LoginBtn'

2023-10-19 06:44:26 - [TEST_STEP][PASSED] - I wait for 2 seconds: I wait for 2 seconds

2023-10-19 06:44:28 - [MESSAGE][PASSED] - Delayed 2 second(s)

2023-10-19 06:44:28 - [MESSAGE][PASSED] - I wait for 2 seconds

2023-10-19 06:44:28 - [TEST_CASE][PASSED] - Start Test Case : SCENARIO Pick one Product using following sibling xpath: SCENARIO Pick one Product using following sibling xpath

2023-10-19 06:44:28 - [TEST_STEP][PASSED] - I should see 'Items/android.view.ViewGroup - View product vertical': I should see 'Items/android.view.ViewGroup - View product vertical'

2023-10-19 06:44:29 - [MESSAGE][PASSED] - Delayed 1 second(s)

2023-10-19 06:44:29 - [MESSAGE][PASSED] - Element 'Object Repository/Items/android.view.ViewGroup - View product vertical' is visible

2023-10-19 06:44:30 - [MESSAGE][PASSED] - Element 'Object Repository/Items/android.view.ViewGroup - View product vertical' is present

2023-10-19 06:44:30 - [MESSAGE][PASSED] - I should see 'Items/android.view.ViewGroup - View product vertical'

2023-10-19 06:44:30 - [TEST_STEP][PASSED] - I click 'Items/android.view.ViewGroup - View product vertical': I click 'Items/android.view.ViewGroup - View product vertical'

2023-10-19 06:44:30 - [MESSAGE][PASSED] - Element 'Object Repository/Items/android.view.ViewGroup - View product vertical' is visible

2023-10-19 06:44:30 - [MESSAGE][PASSED] - Tapped on element 'Object Repository/Items/android.view.ViewGroup - View product vertical'

2023-10-19 06:44:30 - [MESSAGE][PASSED] - I click 'Items/android.view.ViewGroup - View product vertical'

2023-10-19 06:44:30 - [TEST_STEP][PASSED] - I wait for 1 seconds: I wait for 1 seconds

2023-10-19 06:44:31 - [MESSAGE][PASSED] - Delayed 1 second(s)

2023-10-19 06:44:31 - [MESSAGE][PASSED] - I wait for 1 seconds

2023-10-19 06:44:31 - [TEST_STEP][PASSED] - I should see 'Items/android.view.ViewGroup - Item following sibling': I should see 'Items/android.view.ViewGroup - Item following sibling'

2023-10-19 06:44:32 - [MESSAGE][PASSED] - Delayed 1 second(s)

2023-10-19 06:44:33 - [MESSAGE][PASSED] - Element 'Object Repository/Items/android.view.ViewGroup - Item following sibling' is visible

2023-10-19 06:44:33 - [MESSAGE][PASSED] - Element 'Object Repository/Items/android.view.ViewGroup - Item following sibling' is present

2023-10-19 06:44:33 - [MESSAGE][PASSED] - I should see 'Items/android.view.ViewGroup - Item following sibling'

2023-10-19 06:44:33 - [TEST_STEP][PASSED] - I click 'Items/android.view.ViewGroup - Item following sibling': I click 'Items/android.view.ViewGroup - Item following sibling'

2023-10-19 06:44:33 - [MESSAGE][PASSED] - Element 'Object Repository/Items/android.view.ViewGroup - Item following sibling' is visible

2023-10-19 06:44:34 - [MESSAGE][PASSED] - Tapped on element 'Object Repository/Items/android.view.ViewGroup - Item following sibling'

2023-10-19 06:44:34 - [MESSAGE][PASSED] - I click 'Items/android.view.ViewGroup - Item following sibling'

2023-10-19 06:44:34 - [TEST_STEP][PASSED] - I wait for 1 seconds: I wait for 1 seconds

2023-10-19 06:44:35 - [MESSAGE][PASSED] - Delayed 1 second(s)

2023-10-19 06:44:35 - [MESSAGE][PASSED] - I wait for 1 seconds

2023-10-19 06:44:35 - [MESSAGE][PASSED] - Feature file: 'Include/features/Homepage Swaglabs/See pick one product using following sibling xpath.feature' was passed

2023-10-19 06:44:35 - [TEST_STEP][PASSED] - closeApplication(): Close app successfully

2023-10-19 06:44:36 - [MESSAGE][PASSED] - Close app successfully]]></system-out>
         <system-err><![CDATA[]]></system-err>
      </testcase>
      <testcase name="Test Cases/TC see product and back product using descant xpath" time="87.092" classname="Test Cases/TC see product and back product using descant xpath" status="PASSED">
         <system-out><![CDATA[2023-10-19 06:44:36 - [TEST_CASE][PASSED] - Test Cases/TC see product and back product using descant xpath: Test Cases/TC see product and back product using descant xpath

2023-10-19 06:44:36 - [TEST_STEP][PASSED] - runFeatureFile("Include/features/Homepage Swaglabs/See product and back product using descant xpath.feature"): Feature file: 'Include/features/Homepage Swaglabs/See product and back product using descant xpath.feature' was passed

2023-10-19 06:44:36 - [MESSAGE][INFO] - Starting run keyword runFeatureFile: 'Include/features/Homepage Swaglabs/See product and back product using descant xpath.feature' and extract report to folder: '/Users/feeder_aginta/Documents/SauceDemo/Sauce-Demo-Android/Reports/20231019_063843/TS Swag Labs/All TS Swag Labs/20231019_063843/cucumber_report/1697672676454'...

2023-10-19 06:44:36 - [TEST_CASE][PASSED] - Start Test Case : SCENARIO Open SwagLabs System App: SCENARIO Open SwagLabs System App

2023-10-19 06:44:36 - [TEST_STEP][PASSED] - I open default app: I open default app

2023-10-19 06:45:34 - [MESSAGE][PASSED] - Delayed 5 second(s)

2023-10-19 06:45:34 - [MESSAGE][PASSED] - I open default app

2023-10-19 06:45:34 - [TEST_CASE][PASSED] - Start Test Case : SCENARIO Open SwagLabs App to login App: SCENARIO Open SwagLabs App to login App

2023-10-19 06:45:34 - [TEST_STEP][PASSED] - I should see 'Login/android.widget.EditText - Username': I should see 'Login/android.widget.EditText - Username'

2023-10-19 06:45:35 - [MESSAGE][PASSED] - Delayed 1 second(s)

2023-10-19 06:45:36 - [MESSAGE][PASSED] - Element 'Object Repository/Login/android.widget.EditText - Username' is visible

2023-10-19 06:45:36 - [MESSAGE][PASSED] - Element 'Object Repository/Login/android.widget.EditText - Username' is present

2023-10-19 06:45:36 - [MESSAGE][PASSED] - I should see 'Login/android.widget.EditText - Username'

2023-10-19 06:45:36 - [TEST_STEP][PASSED] - I type 'standard_user' on 'Login/android.widget.EditText - Username': I type 'standard_user' on 'Login/android.widget.EditText - Username'

2023-10-19 06:45:36 - [MESSAGE][PASSED] - Element 'Object Repository/Login/android.widget.EditText - Username' is visible

2023-10-19 06:45:36 - [MESSAGE][PASSED] - Element 'Object Repository/Login/android.widget.EditText - Username' text is cleared

2023-10-19 06:45:38 - [MESSAGE][PASSED] - Text 'standard_user' has been set to element 'Object Repository/Login/android.widget.EditText - Username'

2023-10-19 06:45:38 - [MESSAGE][PASSED] - I type 'standard_user' on 'Login/android.widget.EditText - Username'

2023-10-19 06:45:38 - [TEST_STEP][PASSED] - I wait for 1 seconds: I wait for 1 seconds

2023-10-19 06:45:39 - [MESSAGE][PASSED] - Delayed 1 second(s)

2023-10-19 06:45:39 - [MESSAGE][PASSED] - I wait for 1 seconds

2023-10-19 06:45:39 - [TEST_STEP][PASSED] - I should see 'Login/android.widget.EditText - Password': I should see 'Login/android.widget.EditText - Password'

2023-10-19 06:45:40 - [MESSAGE][PASSED] - Delayed 1 second(s)

2023-10-19 06:45:40 - [MESSAGE][PASSED] - Element 'Object Repository/Login/android.widget.EditText - Password' is visible

2023-10-19 06:45:40 - [MESSAGE][PASSED] - Element 'Object Repository/Login/android.widget.EditText - Password' is present

2023-10-19 06:45:40 - [MESSAGE][PASSED] - I should see 'Login/android.widget.EditText - Password'

2023-10-19 06:45:40 - [TEST_STEP][PASSED] - I type 'secret_sauce' on 'Login/android.widget.EditText - Password': I type 'secret_sauce' on 'Login/android.widget.EditText - Password'

2023-10-19 06:45:40 - [MESSAGE][PASSED] - Element 'Object Repository/Login/android.widget.EditText - Password' is visible

2023-10-19 06:45:41 - [MESSAGE][PASSED] - Element 'Object Repository/Login/android.widget.EditText - Password' text is cleared

2023-10-19 06:45:42 - [MESSAGE][PASSED] - Text 'secret_sauce' has been set to element 'Object Repository/Login/android.widget.EditText - Password'

2023-10-19 06:45:42 - [MESSAGE][PASSED] - I type 'secret_sauce' on 'Login/android.widget.EditText - Password'

2023-10-19 06:45:42 - [TEST_STEP][PASSED] - I wait for 1 seconds: I wait for 1 seconds

2023-10-19 06:45:43 - [MESSAGE][PASSED] - Delayed 1 second(s)

2023-10-19 06:45:43 - [MESSAGE][PASSED] - I wait for 1 seconds

2023-10-19 06:45:43 - [TEST_STEP][PASSED] - I should see 'Login/android.view.ViewGroup - LoginBtn': I should see 'Login/android.view.ViewGroup - LoginBtn'

2023-10-19 06:45:44 - [MESSAGE][PASSED] - Delayed 1 second(s)

2023-10-19 06:45:44 - [MESSAGE][PASSED] - Element 'Object Repository/Login/android.view.ViewGroup - LoginBtn' is visible

2023-10-19 06:45:44 - [MESSAGE][PASSED] - Element 'Object Repository/Login/android.view.ViewGroup - LoginBtn' is present

2023-10-19 06:45:44 - [MESSAGE][PASSED] - I should see 'Login/android.view.ViewGroup - LoginBtn'

2023-10-19 06:45:44 - [TEST_STEP][PASSED] - I click 'Login/android.view.ViewGroup - LoginBtn': I click 'Login/android.view.ViewGroup - LoginBtn'

2023-10-19 06:45:45 - [MESSAGE][PASSED] - Element 'Object Repository/Login/android.view.ViewGroup - LoginBtn' is visible

2023-10-19 06:45:45 - [MESSAGE][PASSED] - Tapped on element 'Object Repository/Login/android.view.ViewGroup - LoginBtn'

2023-10-19 06:45:45 - [MESSAGE][PASSED] - I click 'Login/android.view.ViewGroup - LoginBtn'

2023-10-19 06:45:45 - [TEST_STEP][PASSED] - I wait for 2 seconds: I wait for 2 seconds

2023-10-19 06:45:47 - [MESSAGE][PASSED] - Delayed 2 second(s)

2023-10-19 06:45:47 - [MESSAGE][PASSED] - I wait for 2 seconds

2023-10-19 06:45:47 - [TEST_CASE][PASSED] - Start Test Case : SCENARIO Pick One Product using contains xpath: SCENARIO Pick One Product using contains xpath

2023-10-19 06:45:47 - [TEST_STEP][PASSED] - I should see 'Items/android.view.ViewGroup - View product vertical': I should see 'Items/android.view.ViewGroup - View product vertical'

2023-10-19 06:45:48 - [MESSAGE][PASSED] - Delayed 1 second(s)

2023-10-19 06:45:48 - [MESSAGE][PASSED] - Element 'Object Repository/Items/android.view.ViewGroup - View product vertical' is visible

2023-10-19 06:45:49 - [MESSAGE][PASSED] - Element 'Object Repository/Items/android.view.ViewGroup - View product vertical' is present

2023-10-19 06:45:49 - [MESSAGE][PASSED] - I should see 'Items/android.view.ViewGroup - View product vertical'

2023-10-19 06:45:49 - [TEST_STEP][PASSED] - I click 'Items/android.view.ViewGroup - View product vertical': I click 'Items/android.view.ViewGroup - View product vertical'

2023-10-19 06:45:49 - [MESSAGE][PASSED] - Element 'Object Repository/Items/android.view.ViewGroup - View product vertical' is visible

2023-10-19 06:45:49 - [MESSAGE][PASSED] - Tapped on element 'Object Repository/Items/android.view.ViewGroup - View product vertical'

2023-10-19 06:45:49 - [MESSAGE][PASSED] - I click 'Items/android.view.ViewGroup - View product vertical'

2023-10-19 06:45:49 - [TEST_STEP][PASSED] - I wait for 1 seconds: I wait for 1 seconds

2023-10-19 06:45:50 - [MESSAGE][PASSED] - Delayed 1 second(s)

2023-10-19 06:45:50 - [MESSAGE][PASSED] - I wait for 1 seconds

2023-10-19 06:45:50 - [TEST_STEP][PASSED] - I should see 'Items/android.view.ViewGroup - Item Descendant': I should see 'Items/android.view.ViewGroup - Item Descendant'

2023-10-19 06:45:51 - [MESSAGE][PASSED] - Delayed 1 second(s)

2023-10-19 06:45:52 - [MESSAGE][PASSED] - Element 'Object Repository/Items/android.view.ViewGroup - Item Descendant' is visible

2023-10-19 06:45:52 - [MESSAGE][PASSED] - Element 'Object Repository/Items/android.view.ViewGroup - Item Descendant' is present

2023-10-19 06:45:52 - [MESSAGE][PASSED] - I should see 'Items/android.view.ViewGroup - Item Descendant'

2023-10-19 06:45:52 - [TEST_STEP][PASSED] - I click 'Items/android.view.ViewGroup - Item Descendant': I click 'Items/android.view.ViewGroup - Item Descendant'

2023-10-19 06:45:53 - [MESSAGE][PASSED] - Element 'Object Repository/Items/android.view.ViewGroup - Item Descendant' is visible

2023-10-19 06:45:53 - [MESSAGE][PASSED] - Tapped on element 'Object Repository/Items/android.view.ViewGroup - Item Descendant'

2023-10-19 06:45:53 - [MESSAGE][PASSED] - I click 'Items/android.view.ViewGroup - Item Descendant'

2023-10-19 06:45:53 - [TEST_STEP][PASSED] - I wait for 1 seconds: I wait for 1 seconds

2023-10-19 06:45:54 - [MESSAGE][PASSED] - Delayed 1 second(s)

2023-10-19 06:45:54 - [MESSAGE][PASSED] - I wait for 1 seconds

2023-10-19 06:45:54 - [TEST_CASE][PASSED] - Start Test Case : SCENARIO Logout App: SCENARIO Logout App

2023-10-19 06:45:54 - [TEST_STEP][PASSED] - I should see 'Items/android.view.ViewGroup - BurgerBtn': I should see 'Items/android.view.ViewGroup - BurgerBtn'

2023-10-19 06:45:55 - [MESSAGE][PASSED] - Delayed 1 second(s)

2023-10-19 06:45:55 - [MESSAGE][PASSED] - Element 'Object Repository/Items/android.view.ViewGroup - BurgerBtn' is visible

2023-10-19 06:45:56 - [MESSAGE][PASSED] - Element 'Object Repository/Items/android.view.ViewGroup - BurgerBtn' is present

2023-10-19 06:45:56 - [MESSAGE][PASSED] - I should see 'Items/android.view.ViewGroup - BurgerBtn'

2023-10-19 06:45:56 - [TEST_STEP][PASSED] - I click 'Items/android.view.ViewGroup - BurgerBtn': I click 'Items/android.view.ViewGroup - BurgerBtn'

2023-10-19 06:45:56 - [MESSAGE][PASSED] - Element 'Object Repository/Items/android.view.ViewGroup - BurgerBtn' is visible

2023-10-19 06:45:56 - [MESSAGE][PASSED] - Tapped on element 'Object Repository/Items/android.view.ViewGroup - BurgerBtn'

2023-10-19 06:45:56 - [MESSAGE][PASSED] - I click 'Items/android.view.ViewGroup - BurgerBtn'

2023-10-19 06:45:56 - [TEST_STEP][PASSED] - I wait for 2 seconds: I wait for 2 seconds

2023-10-19 06:45:58 - [MESSAGE][PASSED] - Delayed 2 second(s)

2023-10-19 06:45:58 - [MESSAGE][PASSED] - I wait for 2 seconds

2023-10-19 06:45:58 - [TEST_STEP][PASSED] - I should see 'Logout/android.view.ViewGroup - LogoutBtn': I should see 'Logout/android.view.ViewGroup - LogoutBtn'

2023-10-19 06:45:59 - [MESSAGE][PASSED] - Delayed 1 second(s)

2023-10-19 06:46:00 - [MESSAGE][PASSED] - Element 'Object Repository/Logout/android.view.ViewGroup - LogoutBtn' is visible

2023-10-19 06:46:00 - [MESSAGE][PASSED] - Element 'Object Repository/Logout/android.view.ViewGroup - LogoutBtn' is present

2023-10-19 06:46:00 - [MESSAGE][PASSED] - I should see 'Logout/android.view.ViewGroup - LogoutBtn'

2023-10-19 06:46:00 - [TEST_STEP][PASSED] - I click 'Logout/android.view.ViewGroup - LogoutBtn': I click 'Logout/android.view.ViewGroup - LogoutBtn'

2023-10-19 06:46:00 - [MESSAGE][PASSED] - Element 'Object Repository/Logout/android.view.ViewGroup - LogoutBtn' is visible

2023-10-19 06:46:01 - [MESSAGE][PASSED] - Tapped on element 'Object Repository/Logout/android.view.ViewGroup - LogoutBtn'

2023-10-19 06:46:01 - [MESSAGE][PASSED] - I click 'Logout/android.view.ViewGroup - LogoutBtn'

2023-10-19 06:46:01 - [TEST_STEP][PASSED] - I wait for 1 seconds: I wait for 1 seconds

2023-10-19 06:46:02 - [MESSAGE][PASSED] - Delayed 1 second(s)

2023-10-19 06:46:02 - [MESSAGE][PASSED] - I wait for 1 seconds

2023-10-19 06:46:02 - [MESSAGE][PASSED] - Feature file: 'Include/features/Homepage Swaglabs/See product and back product using descant xpath.feature' was passed

2023-10-19 06:46:02 - [TEST_STEP][PASSED] - closeApplication(): Close app successfully

2023-10-19 06:46:03 - [MESSAGE][PASSED] - Close app successfully]]></system-out>
         <system-err><![CDATA[]]></system-err>
      </testcase>
      <testcase name="Test Cases/TC see product using start-with xpath" time="74.247" classname="Test Cases/TC see product using start-with xpath" status="PASSED">
         <system-out><![CDATA[2023-10-19 06:46:03 - [TEST_CASE][PASSED] - Test Cases/TC see product using start-with xpath: Test Cases/TC see product using start-with xpath

2023-10-19 06:46:03 - [TEST_STEP][PASSED] - runFeatureFile("Include/features/Homepage Swaglabs/See product using start-with xpath.feature"): Feature file: 'Include/features/Homepage Swaglabs/See product using start-with xpath.feature' was passed

2023-10-19 06:46:03 - [MESSAGE][INFO] - Starting run keyword runFeatureFile: 'Include/features/Homepage Swaglabs/See product using start-with xpath.feature' and extract report to folder: '/Users/feeder_aginta/Documents/SauceDemo/Sauce-Demo-Android/Reports/20231019_063843/TS Swag Labs/All TS Swag Labs/20231019_063843/cucumber_report/1697672763563'...

2023-10-19 06:46:03 - [TEST_CASE][PASSED] - Start Test Case : SCENARIO Open SwagLabs System App: SCENARIO Open SwagLabs System App

2023-10-19 06:46:03 - [TEST_STEP][PASSED] - I open default app: I open default app

2023-10-19 06:46:50 - [MESSAGE][PASSED] - Delayed 5 second(s)

2023-10-19 06:46:50 - [MESSAGE][PASSED] - I open default app

2023-10-19 06:46:50 - [TEST_CASE][PASSED] - Start Test Case : SCENARIO Open SwagLabs App to login App: SCENARIO Open SwagLabs App to login App

2023-10-19 06:46:50 - [TEST_STEP][PASSED] - I should see 'Login/android.widget.EditText - Username': I should see 'Login/android.widget.EditText - Username'

2023-10-19 06:46:51 - [MESSAGE][PASSED] - Delayed 1 second(s)

2023-10-19 06:46:51 - [MESSAGE][PASSED] - Element 'Object Repository/Login/android.widget.EditText - Username' is visible

2023-10-19 06:46:51 - [MESSAGE][PASSED] - Element 'Object Repository/Login/android.widget.EditText - Username' is present

2023-10-19 06:46:51 - [MESSAGE][PASSED] - I should see 'Login/android.widget.EditText - Username'

2023-10-19 06:46:51 - [TEST_STEP][PASSED] - I type 'standard_user' on 'Login/android.widget.EditText - Username': I type 'standard_user' on 'Login/android.widget.EditText - Username'

2023-10-19 06:46:51 - [MESSAGE][PASSED] - Element 'Object Repository/Login/android.widget.EditText - Username' is visible

2023-10-19 06:46:52 - [MESSAGE][PASSED] - Element 'Object Repository/Login/android.widget.EditText - Username' text is cleared

2023-10-19 06:46:53 - [MESSAGE][PASSED] - Text 'standard_user' has been set to element 'Object Repository/Login/android.widget.EditText - Username'

2023-10-19 06:46:53 - [MESSAGE][PASSED] - I type 'standard_user' on 'Login/android.widget.EditText - Username'

2023-10-19 06:46:53 - [TEST_STEP][PASSED] - I wait for 1 seconds: I wait for 1 seconds

2023-10-19 06:46:54 - [MESSAGE][PASSED] - Delayed 1 second(s)

2023-10-19 06:46:54 - [MESSAGE][PASSED] - I wait for 1 seconds

2023-10-19 06:46:54 - [TEST_STEP][PASSED] - I should see 'Login/android.widget.EditText - Password': I should see 'Login/android.widget.EditText - Password'

2023-10-19 06:46:55 - [MESSAGE][PASSED] - Delayed 1 second(s)

2023-10-19 06:46:56 - [MESSAGE][PASSED] - Element 'Object Repository/Login/android.widget.EditText - Password' is visible

2023-10-19 06:46:56 - [MESSAGE][PASSED] - Element 'Object Repository/Login/android.widget.EditText - Password' is present

2023-10-19 06:46:56 - [MESSAGE][PASSED] - I should see 'Login/android.widget.EditText - Password'

2023-10-19 06:46:56 - [TEST_STEP][PASSED] - I type 'secret_sauce' on 'Login/android.widget.EditText - Password': I type 'secret_sauce' on 'Login/android.widget.EditText - Password'

2023-10-19 06:46:56 - [MESSAGE][PASSED] - Element 'Object Repository/Login/android.widget.EditText - Password' is visible

2023-10-19 06:46:56 - [MESSAGE][PASSED] - Element 'Object Repository/Login/android.widget.EditText - Password' text is cleared

2023-10-19 06:46:57 - [MESSAGE][PASSED] - Text 'secret_sauce' has been set to element 'Object Repository/Login/android.widget.EditText - Password'

2023-10-19 06:46:57 - [MESSAGE][PASSED] - I type 'secret_sauce' on 'Login/android.widget.EditText - Password'

2023-10-19 06:46:57 - [TEST_STEP][PASSED] - I wait for 1 seconds: I wait for 1 seconds

2023-10-19 06:46:58 - [MESSAGE][PASSED] - Delayed 1 second(s)

2023-10-19 06:46:58 - [MESSAGE][PASSED] - I wait for 1 seconds

2023-10-19 06:46:58 - [TEST_STEP][PASSED] - I should see 'Login/android.view.ViewGroup - LoginBtn': I should see 'Login/android.view.ViewGroup - LoginBtn'

2023-10-19 06:46:59 - [MESSAGE][PASSED] - Delayed 1 second(s)

2023-10-19 06:47:00 - [MESSAGE][PASSED] - Element 'Object Repository/Login/android.view.ViewGroup - LoginBtn' is visible

2023-10-19 06:47:00 - [MESSAGE][PASSED] - Element 'Object Repository/Login/android.view.ViewGroup - LoginBtn' is present

2023-10-19 06:47:00 - [MESSAGE][PASSED] - I should see 'Login/android.view.ViewGroup - LoginBtn'

2023-10-19 06:47:00 - [TEST_STEP][PASSED] - I click 'Login/android.view.ViewGroup - LoginBtn': I click 'Login/android.view.ViewGroup - LoginBtn'

2023-10-19 06:47:00 - [MESSAGE][PASSED] - Element 'Object Repository/Login/android.view.ViewGroup - LoginBtn' is visible

2023-10-19 06:47:00 - [MESSAGE][PASSED] - Tapped on element 'Object Repository/Login/android.view.ViewGroup - LoginBtn'

2023-10-19 06:47:00 - [MESSAGE][PASSED] - I click 'Login/android.view.ViewGroup - LoginBtn'

2023-10-19 06:47:00 - [TEST_STEP][PASSED] - I wait for 2 seconds: I wait for 2 seconds

2023-10-19 06:47:02 - [MESSAGE][PASSED] - Delayed 2 second(s)

2023-10-19 06:47:02 - [MESSAGE][PASSED] - I wait for 2 seconds

2023-10-19 06:47:02 - [TEST_CASE][PASSED] - Start Test Case : SCENARIO Pick One Product using contains xpath: SCENARIO Pick One Product using contains xpath

2023-10-19 06:47:02 - [TEST_STEP][PASSED] - I should see 'Items/android.view.ViewGroup - Pick one item': I should see 'Items/android.view.ViewGroup - Pick one item'

2023-10-19 06:47:03 - [MESSAGE][PASSED] - Delayed 1 second(s)

2023-10-19 06:47:04 - [MESSAGE][PASSED] - Element 'Object Repository/Items/android.view.ViewGroup - Pick one item' is visible

2023-10-19 06:47:04 - [MESSAGE][PASSED] - Element 'Object Repository/Items/android.view.ViewGroup - Pick one item' is present

2023-10-19 06:47:04 - [MESSAGE][PASSED] - I should see 'Items/android.view.ViewGroup - Pick one item'

2023-10-19 06:47:04 - [TEST_STEP][PASSED] - I click 'Items/android.view.ViewGroup - Pick one item': I click 'Items/android.view.ViewGroup - Pick one item'

2023-10-19 06:47:05 - [MESSAGE][PASSED] - Element 'Object Repository/Items/android.view.ViewGroup - Pick one item' is visible

2023-10-19 06:47:05 - [MESSAGE][PASSED] - Tapped on element 'Object Repository/Items/android.view.ViewGroup - Pick one item'

2023-10-19 06:47:05 - [MESSAGE][PASSED] - I click 'Items/android.view.ViewGroup - Pick one item'

2023-10-19 06:47:05 - [TEST_STEP][PASSED] - I wait for 1 seconds: I wait for 1 seconds

2023-10-19 06:47:06 - [MESSAGE][PASSED] - Delayed 1 second(s)

2023-10-19 06:47:06 - [MESSAGE][PASSED] - I wait for 1 seconds

2023-10-19 06:47:06 - [TEST_STEP][PASSED] - I should see 'Items/android.view.ViewGroup - Item start-with': I should see 'Items/android.view.ViewGroup - Item start-with'

2023-10-19 06:47:07 - [MESSAGE][PASSED] - Delayed 1 second(s)

2023-10-19 06:47:07 - [MESSAGE][PASSED] - Element 'Object Repository/Items/android.view.ViewGroup - Item start-with' is visible

2023-10-19 06:47:07 - [MESSAGE][PASSED] - Element 'Object Repository/Items/android.view.ViewGroup - Item start-with' is present

2023-10-19 06:47:07 - [MESSAGE][PASSED] - I should see 'Items/android.view.ViewGroup - Item start-with'

2023-10-19 06:47:07 - [TEST_STEP][PASSED] - I click 'Items/android.view.ViewGroup - Item start-with': I click 'Items/android.view.ViewGroup - Item start-with'

2023-10-19 06:47:08 - [MESSAGE][PASSED] - Element 'Object Repository/Items/android.view.ViewGroup - Item start-with' is visible

2023-10-19 06:47:08 - [MESSAGE][PASSED] - Tapped on element 'Object Repository/Items/android.view.ViewGroup - Item start-with'

2023-10-19 06:47:08 - [MESSAGE][PASSED] - I click 'Items/android.view.ViewGroup - Item start-with'

2023-10-19 06:47:08 - [TEST_STEP][PASSED] - I wait for 1 seconds: I wait for 1 seconds

2023-10-19 06:47:09 - [MESSAGE][PASSED] - Delayed 1 second(s)

2023-10-19 06:47:09 - [MESSAGE][PASSED] - I wait for 1 seconds

2023-10-19 06:47:09 - [TEST_CASE][PASSED] - Start Test Case : SCENARIO Logout App: SCENARIO Logout App

2023-10-19 06:47:09 - [TEST_STEP][PASSED] - I should see 'Items/android.view.ViewGroup - BurgerBtn': I should see 'Items/android.view.ViewGroup - BurgerBtn'

2023-10-19 06:47:10 - [MESSAGE][PASSED] - Delayed 1 second(s)

2023-10-19 06:47:10 - [MESSAGE][PASSED] - Element 'Object Repository/Items/android.view.ViewGroup - BurgerBtn' is visible

2023-10-19 06:47:11 - [MESSAGE][PASSED] - Element 'Object Repository/Items/android.view.ViewGroup - BurgerBtn' is present

2023-10-19 06:47:11 - [MESSAGE][PASSED] - I should see 'Items/android.view.ViewGroup - BurgerBtn'

2023-10-19 06:47:11 - [TEST_STEP][PASSED] - I click 'Items/android.view.ViewGroup - BurgerBtn': I click 'Items/android.view.ViewGroup - BurgerBtn'

2023-10-19 06:47:11 - [MESSAGE][PASSED] - Element 'Object Repository/Items/android.view.ViewGroup - BurgerBtn' is visible

2023-10-19 06:47:11 - [MESSAGE][PASSED] - Tapped on element 'Object Repository/Items/android.view.ViewGroup - BurgerBtn'

2023-10-19 06:47:11 - [MESSAGE][PASSED] - I click 'Items/android.view.ViewGroup - BurgerBtn'

2023-10-19 06:47:11 - [TEST_STEP][PASSED] - I wait for 2 seconds: I wait for 2 seconds

2023-10-19 06:47:13 - [MESSAGE][PASSED] - Delayed 2 second(s)

2023-10-19 06:47:13 - [MESSAGE][PASSED] - I wait for 2 seconds

2023-10-19 06:47:13 - [TEST_STEP][PASSED] - I should see 'Logout/android.view.ViewGroup - LogoutBtn': I should see 'Logout/android.view.ViewGroup - LogoutBtn'

2023-10-19 06:47:14 - [MESSAGE][PASSED] - Delayed 1 second(s)

2023-10-19 06:47:14 - [MESSAGE][PASSED] - Element 'Object Repository/Logout/android.view.ViewGroup - LogoutBtn' is visible

2023-10-19 06:47:14 - [MESSAGE][PASSED] - Element 'Object Repository/Logout/android.view.ViewGroup - LogoutBtn' is present

2023-10-19 06:47:14 - [MESSAGE][PASSED] - I should see 'Logout/android.view.ViewGroup - LogoutBtn'

2023-10-19 06:47:14 - [TEST_STEP][PASSED] - I click 'Logout/android.view.ViewGroup - LogoutBtn': I click 'Logout/android.view.ViewGroup - LogoutBtn'

2023-10-19 06:47:15 - [MESSAGE][PASSED] - Element 'Object Repository/Logout/android.view.ViewGroup - LogoutBtn' is visible

2023-10-19 06:47:15 - [MESSAGE][PASSED] - Tapped on element 'Object Repository/Logout/android.view.ViewGroup - LogoutBtn'

2023-10-19 06:47:15 - [MESSAGE][PASSED] - I click 'Logout/android.view.ViewGroup - LogoutBtn'

2023-10-19 06:47:15 - [TEST_STEP][PASSED] - I wait for 1 seconds: I wait for 1 seconds

2023-10-19 06:47:16 - [MESSAGE][PASSED] - Delayed 1 second(s)

2023-10-19 06:47:16 - [MESSAGE][PASSED] - I wait for 1 seconds

2023-10-19 06:47:16 - [MESSAGE][PASSED] - Feature file: 'Include/features/Homepage Swaglabs/See product using start-with xpath.feature' was passed

2023-10-19 06:47:16 - [TEST_STEP][PASSED] - closeApplication(): Close app successfully

2023-10-19 06:47:17 - [MESSAGE][PASSED] - Close app successfully]]></system-out>
         <system-err><![CDATA[]]></system-err>
      </testcase>
      <testcase name="Test Cases/TC see product with filter using ancestor xpath" time="75.453" classname="Test Cases/TC see product with filter using ancestor xpath" status="PASSED">
         <system-out><![CDATA[2023-10-19 06:47:17 - [TEST_CASE][PASSED] - Test Cases/TC see product with filter using ancestor xpath: Test Cases/TC see product with filter using ancestor xpath

2023-10-19 06:47:17 - [TEST_STEP][PASSED] - runFeatureFile("Include/features/Homepage Swaglabs/See product with filter using ancestor xpath.feature"): Feature file: 'Include/features/Homepage Swaglabs/See product with filter using ancestor xpath.feature' was passed

2023-10-19 06:47:17 - [MESSAGE][INFO] - Starting run keyword runFeatureFile: 'Include/features/Homepage Swaglabs/See product with filter using ancestor xpath.feature' and extract report to folder: '/Users/feeder_aginta/Documents/SauceDemo/Sauce-Demo-Android/Reports/20231019_063843/TS Swag Labs/All TS Swag Labs/20231019_063843/cucumber_report/1697672837799'...

2023-10-19 06:47:17 - [TEST_CASE][PASSED] - Start Test Case : SCENARIO Open SwagLabs System App: SCENARIO Open SwagLabs System App

2023-10-19 06:47:17 - [TEST_STEP][PASSED] - I open default app: I open default app

2023-10-19 06:48:04 - [MESSAGE][PASSED] - Delayed 5 second(s)

2023-10-19 06:48:04 - [MESSAGE][PASSED] - I open default app

2023-10-19 06:48:04 - [TEST_CASE][PASSED] - Start Test Case : SCENARIO Open SwagLabs App to login App: SCENARIO Open SwagLabs App to login App

2023-10-19 06:48:04 - [TEST_STEP][PASSED] - I should see 'Login/android.widget.EditText - Username': I should see 'Login/android.widget.EditText - Username'

2023-10-19 06:48:05 - [MESSAGE][PASSED] - Delayed 1 second(s)

2023-10-19 06:48:06 - [MESSAGE][PASSED] - Element 'Object Repository/Login/android.widget.EditText - Username' is visible

2023-10-19 06:48:06 - [MESSAGE][PASSED] - Element 'Object Repository/Login/android.widget.EditText - Username' is present

2023-10-19 06:48:06 - [MESSAGE][PASSED] - I should see 'Login/android.widget.EditText - Username'

2023-10-19 06:48:06 - [TEST_STEP][PASSED] - I type 'standard_user' on 'Login/android.widget.EditText - Username': I type 'standard_user' on 'Login/android.widget.EditText - Username'

2023-10-19 06:48:06 - [MESSAGE][PASSED] - Element 'Object Repository/Login/android.widget.EditText - Username' is visible

2023-10-19 06:48:06 - [MESSAGE][PASSED] - Element 'Object Repository/Login/android.widget.EditText - Username' text is cleared

2023-10-19 06:48:08 - [MESSAGE][PASSED] - Text 'standard_user' has been set to element 'Object Repository/Login/android.widget.EditText - Username'

2023-10-19 06:48:08 - [MESSAGE][PASSED] - I type 'standard_user' on 'Login/android.widget.EditText - Username'

2023-10-19 06:48:08 - [TEST_STEP][PASSED] - I wait for 1 seconds: I wait for 1 seconds

2023-10-19 06:48:09 - [MESSAGE][PASSED] - Delayed 1 second(s)

2023-10-19 06:48:09 - [MESSAGE][PASSED] - I wait for 1 seconds

2023-10-19 06:48:09 - [TEST_STEP][PASSED] - I should see 'Login/android.widget.EditText - Password': I should see 'Login/android.widget.EditText - Password'

2023-10-19 06:48:10 - [MESSAGE][PASSED] - Delayed 1 second(s)

2023-10-19 06:48:10 - [MESSAGE][PASSED] - Element 'Object Repository/Login/android.widget.EditText - Password' is visible

2023-10-19 06:48:10 - [MESSAGE][PASSED] - Element 'Object Repository/Login/android.widget.EditText - Password' is present

2023-10-19 06:48:10 - [MESSAGE][PASSED] - I should see 'Login/android.widget.EditText - Password'

2023-10-19 06:48:10 - [TEST_STEP][PASSED] - I type 'secret_sauce' on 'Login/android.widget.EditText - Password': I type 'secret_sauce' on 'Login/android.widget.EditText - Password'

2023-10-19 06:48:10 - [MESSAGE][PASSED] - Element 'Object Repository/Login/android.widget.EditText - Password' is visible

2023-10-19 06:48:11 - [MESSAGE][PASSED] - Element 'Object Repository/Login/android.widget.EditText - Password' text is cleared

2023-10-19 06:48:12 - [MESSAGE][PASSED] - Text 'secret_sauce' has been set to element 'Object Repository/Login/android.widget.EditText - Password'

2023-10-19 06:48:12 - [MESSAGE][PASSED] - I type 'secret_sauce' on 'Login/android.widget.EditText - Password'

2023-10-19 06:48:12 - [TEST_STEP][PASSED] - I wait for 1 seconds: I wait for 1 seconds

2023-10-19 06:48:13 - [MESSAGE][PASSED] - Delayed 1 second(s)

2023-10-19 06:48:13 - [MESSAGE][PASSED] - I wait for 1 seconds

2023-10-19 06:48:13 - [TEST_STEP][PASSED] - I should see 'Login/android.view.ViewGroup - LoginBtn': I should see 'Login/android.view.ViewGroup - LoginBtn'

2023-10-19 06:48:14 - [MESSAGE][PASSED] - Delayed 1 second(s)

2023-10-19 06:48:14 - [MESSAGE][PASSED] - Element 'Object Repository/Login/android.view.ViewGroup - LoginBtn' is visible

2023-10-19 06:48:14 - [MESSAGE][PASSED] - Element 'Object Repository/Login/android.view.ViewGroup - LoginBtn' is present

2023-10-19 06:48:14 - [MESSAGE][PASSED] - I should see 'Login/android.view.ViewGroup - LoginBtn'

2023-10-19 06:48:14 - [TEST_STEP][PASSED] - I click 'Login/android.view.ViewGroup - LoginBtn': I click 'Login/android.view.ViewGroup - LoginBtn'

2023-10-19 06:48:15 - [MESSAGE][PASSED] - Element 'Object Repository/Login/android.view.ViewGroup - LoginBtn' is visible

2023-10-19 06:48:15 - [MESSAGE][PASSED] - Tapped on element 'Object Repository/Login/android.view.ViewGroup - LoginBtn'

2023-10-19 06:48:15 - [MESSAGE][PASSED] - I click 'Login/android.view.ViewGroup - LoginBtn'

2023-10-19 06:48:15 - [TEST_STEP][PASSED] - I wait for 2 seconds: I wait for 2 seconds

2023-10-19 06:48:17 - [MESSAGE][PASSED] - Delayed 2 second(s)

2023-10-19 06:48:17 - [MESSAGE][PASSED] - I wait for 2 seconds

2023-10-19 06:48:17 - [TEST_CASE][PASSED] - Start Test Case : SCENARIO Pick One Product using contains xpath: SCENARIO Pick One Product using contains xpath

2023-10-19 06:48:17 - [TEST_STEP][PASSED] - I should see 'Items/android.view.ViewGroup - View product vertical': I should see 'Items/android.view.ViewGroup - View product vertical'

2023-10-19 06:48:18 - [MESSAGE][PASSED] - Delayed 1 second(s)

2023-10-19 06:48:18 - [MESSAGE][PASSED] - Element 'Object Repository/Items/android.view.ViewGroup - View product vertical' is visible

2023-10-19 06:48:19 - [MESSAGE][PASSED] - Element 'Object Repository/Items/android.view.ViewGroup - View product vertical' is present

2023-10-19 06:48:19 - [MESSAGE][PASSED] - I should see 'Items/android.view.ViewGroup - View product vertical'

2023-10-19 06:48:19 - [TEST_STEP][PASSED] - I click 'Items/android.view.ViewGroup - View product vertical': I click 'Items/android.view.ViewGroup - View product vertical'

2023-10-19 06:48:19 - [MESSAGE][PASSED] - Element 'Object Repository/Items/android.view.ViewGroup - View product vertical' is visible

2023-10-19 06:48:19 - [MESSAGE][PASSED] - Tapped on element 'Object Repository/Items/android.view.ViewGroup - View product vertical'

2023-10-19 06:48:19 - [MESSAGE][PASSED] - I click 'Items/android.view.ViewGroup - View product vertical'

2023-10-19 06:48:19 - [TEST_STEP][PASSED] - I wait for 1 seconds: I wait for 1 seconds

2023-10-19 06:48:20 - [MESSAGE][PASSED] - Delayed 1 second(s)

2023-10-19 06:48:20 - [MESSAGE][PASSED] - I wait for 1 seconds

2023-10-19 06:48:20 - [TEST_STEP][PASSED] - I should see 'Items/android.view.ViewGroup - Item Ancestor': I should see 'Items/android.view.ViewGroup - Item Ancestor'

2023-10-19 06:48:21 - [MESSAGE][PASSED] - Delayed 1 second(s)

2023-10-19 06:48:22 - [MESSAGE][PASSED] - Element 'Object Repository/Items/android.view.ViewGroup - Item Ancestor' is visible

2023-10-19 06:48:22 - [MESSAGE][PASSED] - Element 'Object Repository/Items/android.view.ViewGroup - Item Ancestor' is present

2023-10-19 06:48:22 - [MESSAGE][PASSED] - I should see 'Items/android.view.ViewGroup - Item Ancestor'

2023-10-19 06:48:22 - [TEST_STEP][PASSED] - I click 'Items/android.view.ViewGroup - Item Ancestor': I click 'Items/android.view.ViewGroup - Item Ancestor'

2023-10-19 06:48:23 - [MESSAGE][PASSED] - Element 'Object Repository/Items/android.view.ViewGroup - Item Ancestor' is visible

2023-10-19 06:48:23 - [MESSAGE][PASSED] - Tapped on element 'Object Repository/Items/android.view.ViewGroup - Item Ancestor'

2023-10-19 06:48:23 - [MESSAGE][PASSED] - I click 'Items/android.view.ViewGroup - Item Ancestor'

2023-10-19 06:48:23 - [TEST_STEP][PASSED] - I wait for 1 seconds: I wait for 1 seconds

2023-10-19 06:48:24 - [MESSAGE][PASSED] - Delayed 1 second(s)

2023-10-19 06:48:24 - [MESSAGE][PASSED] - I wait for 1 seconds

2023-10-19 06:48:24 - [TEST_CASE][PASSED] - Start Test Case : SCENARIO Logout App: SCENARIO Logout App

2023-10-19 06:48:24 - [TEST_STEP][PASSED] - I should see 'Items/android.view.ViewGroup - BurgerBtn': I should see 'Items/android.view.ViewGroup - BurgerBtn'

2023-10-19 06:48:25 - [MESSAGE][PASSED] - Delayed 1 second(s)

2023-10-19 06:48:25 - [MESSAGE][PASSED] - Element 'Object Repository/Items/android.view.ViewGroup - BurgerBtn' is visible

2023-10-19 06:48:26 - [MESSAGE][PASSED] - Element 'Object Repository/Items/android.view.ViewGroup - BurgerBtn' is present

2023-10-19 06:48:26 - [MESSAGE][PASSED] - I should see 'Items/android.view.ViewGroup - BurgerBtn'

2023-10-19 06:48:26 - [TEST_STEP][PASSED] - I click 'Items/android.view.ViewGroup - BurgerBtn': I click 'Items/android.view.ViewGroup - BurgerBtn'

2023-10-19 06:48:26 - [MESSAGE][PASSED] - Element 'Object Repository/Items/android.view.ViewGroup - BurgerBtn' is visible

2023-10-19 06:48:26 - [MESSAGE][PASSED] - Tapped on element 'Object Repository/Items/android.view.ViewGroup - BurgerBtn'

2023-10-19 06:48:26 - [MESSAGE][PASSED] - I click 'Items/android.view.ViewGroup - BurgerBtn'

2023-10-19 06:48:26 - [TEST_STEP][PASSED] - I wait for 2 seconds: I wait for 2 seconds

2023-10-19 06:48:28 - [MESSAGE][PASSED] - Delayed 2 second(s)

2023-10-19 06:48:28 - [MESSAGE][PASSED] - I wait for 2 seconds

2023-10-19 06:48:28 - [TEST_STEP][PASSED] - I should see 'Logout/android.view.ViewGroup - LogoutBtn': I should see 'Logout/android.view.ViewGroup - LogoutBtn'

2023-10-19 06:48:29 - [MESSAGE][PASSED] - Delayed 1 second(s)

2023-10-19 06:48:30 - [MESSAGE][PASSED] - Element 'Object Repository/Logout/android.view.ViewGroup - LogoutBtn' is visible

2023-10-19 06:48:30 - [MESSAGE][PASSED] - Element 'Object Repository/Logout/android.view.ViewGroup - LogoutBtn' is present

2023-10-19 06:48:30 - [MESSAGE][PASSED] - I should see 'Logout/android.view.ViewGroup - LogoutBtn'

2023-10-19 06:48:30 - [TEST_STEP][PASSED] - I click 'Logout/android.view.ViewGroup - LogoutBtn': I click 'Logout/android.view.ViewGroup - LogoutBtn'

2023-10-19 06:48:30 - [MESSAGE][PASSED] - Element 'Object Repository/Logout/android.view.ViewGroup - LogoutBtn' is visible

2023-10-19 06:48:31 - [MESSAGE][PASSED] - Tapped on element 'Object Repository/Logout/android.view.ViewGroup - LogoutBtn'

2023-10-19 06:48:31 - [MESSAGE][PASSED] - I click 'Logout/android.view.ViewGroup - LogoutBtn'

2023-10-19 06:48:31 - [TEST_STEP][PASSED] - I wait for 1 seconds: I wait for 1 seconds

2023-10-19 06:48:32 - [MESSAGE][PASSED] - Delayed 1 second(s)

2023-10-19 06:48:32 - [MESSAGE][PASSED] - I wait for 1 seconds

2023-10-19 06:48:32 - [MESSAGE][PASSED] - Feature file: 'Include/features/Homepage Swaglabs/See product with filter using ancestor xpath.feature' was passed

2023-10-19 06:48:32 - [TEST_STEP][PASSED] - closeApplication(): Close app successfully

2023-10-19 06:48:33 - [MESSAGE][PASSED] - Close app successfully]]></system-out>
         <system-err><![CDATA[]]></system-err>
      </testcase>
      <system-out><![CDATA[2023-10-19 06:38:53 - [TEST_SUITE][PASSED] - All TS Swag Labs: Test Cases/TC see product with filter using ancestor xpath]]></system-out>
      <system-err><![CDATA[]]></system-err>
   </testsuite>
</testsuites>
