<?xml version="1.0" encoding="UTF-8"?>
<testsuites name="test run" time="45.011" tests="2" failures="0" errors="0">
   <testsuite name="test run" tests="2" failures="0" errors="0" time="45.011" skipped="0" timestamp="2024-02-17 13:11:11" hostname="naufalpry - localhost" id="Test Suites/test run">
      <properties>
         <property name="deviceName" value="emulator-5554 (sdk_gphone64_arm64 - Android 14)"/>
         <property name="devicePlatform" value=""/>
         <property name="logFolder" value="/Users/naufalpry/Downloads/katalon-mobile/Reports/20240217_131100/test run/20240217_131100"/>
         <property name="logFiles" value="/Users/naufalpry/Downloads/katalon-mobile/Reports/20240217_131100/test run/20240217_131100/execution0.log, /Users/naufalpry/Downloads/katalon-mobile/Reports/20240217_131100/test run/20240217_131100/appium.log"/>
         <property name="attachments" value=""/>
         <property name="hostName" value="naufalpry - localhost"/>
         <property name="os" value="Mac OS X 64bit"/>
         <property name="appiumServerStatus" value="{&quot;value&quot;:{&quot;build&quot;:{&quot;version&quot;:&quot;1.21.0&quot;}},&quot;sessionId&quot;:null,&quot;status&quot;:0}"/>
         <property name="katalonVersion" value="8.6.8.208"/>
         <property name="deviceOS" value="Android"/>
         <property name="appiumVersion" value="1.21.0"/>
         <property name="deviceModel" value="sdk_gphone64_arm64"/>
         <property name="hostAddress" value="127.0.0.1"/>
         <property name="deviceManufacturer" value="Google"/>
         <property name="deviceId" value="emulator-5554"/>
         <property name="deviceName" value="emulator-5554 (sdk_gphone64_arm64 - Android 14)"/>
         <property name="deviceOSVersion" value="14"/>
      </properties>
      <testcase name="Test Cases/Validate login without account" time="23.627" classname="Test Cases/Validate login without account" status="PASSED">
         <system-out><![CDATA[2024-02-17 13:11:11 - [TEST_CASE][PASSED] - Test Cases/Validate login without account: Test Cases/Validate login without account

2024-02-17 13:11:11 - [TEST_STEP][PASSED] - startApplication("/Users/naufalpry/Downloads/astro-release.apk", true): Started app at: '/Users/naufalpry/Downloads/astro-release.apk'

2024-02-17 13:11:11 - [MESSAGE][INFO] - User set preference: ['deviceId', 'emulator-5554']

2024-02-17 13:11:12 - [MESSAGE][INFO] - Detected NodeJS location: "/opt/homebrew/Cellar/node/21.6.2/bin/node"

2024-02-17 13:11:12 - [MESSAGE][INFO] - Appium server started on port 53,367

2024-02-17 13:11:27 - [MESSAGE][PASSED] - Started app at: '/Users/naufalpry/Downloads/astro-release.apk'

2024-02-17 13:11:27 - [TEST_STEP][PASSED] - tap(findTestObject("Object Repository/Login/Login without account/android.widget.TextView - Mulai pakai Astro"), 0): Tapped on element 'Object Repository/Login/Login without account/android.widget.TextView - Mulai pakai Astro'

2024-02-17 13:11:27 - [MESSAGE][WARNING] - Timeout '0' is invalid. Using default page load timeout: '30'

2024-02-17 13:11:29 - [MESSAGE][PASSED] - Tapped on element 'Object Repository/Login/Login without account/android.widget.TextView - Mulai pakai Astro'

2024-02-17 13:11:29 - [TEST_STEP][PASSED] - tap(findTestObject("Object Repository/Login/Login without account/android.widget.Button"), 0): Tapped on element 'Object Repository/Login/Login without account/android.widget.Button'

2024-02-17 13:11:29 - [MESSAGE][WARNING] - Timeout '0' is invalid. Using default page load timeout: '30'

2024-02-17 13:11:30 - [MESSAGE][PASSED] - Tapped on element 'Object Repository/Login/Login without account/android.widget.Button'

2024-02-17 13:11:30 - [TEST_STEP][PASSED] - tap(findTestObject("Object Repository/Login/Login without account/android.widget.TextView - Masuk tanpa akun"), 0): Tapped on element 'Object Repository/Login/Login without account/android.widget.TextView - Masuk tanpa akun'

2024-02-17 13:11:30 - [MESSAGE][WARNING] - Timeout '0' is invalid. Using default page load timeout: '30'

2024-02-17 13:11:31 - [MESSAGE][PASSED] - Tapped on element 'Object Repository/Login/Login without account/android.widget.TextView - Masuk tanpa akun'

2024-02-17 13:11:31 - [TEST_STEP][PASSED] - tap(findTestObject("Object Repository/Login/Login without account/android.widget.ImageView"), 0): Tapped on element 'Object Repository/Login/Login without account/android.widget.ImageView'

2024-02-17 13:11:32 - [MESSAGE][WARNING] - Timeout '0' is invalid. Using default page load timeout: '30'

2024-02-17 13:11:32 - [MESSAGE][PASSED] - Tapped on element 'Object Repository/Login/Login without account/android.widget.ImageView'

2024-02-17 13:11:32 - [TEST_STEP][PASSED] - getText(findTestObject("Object Repository/Login/Login without account/android.widget.TextView - Spesial di Astro"), 0): Text of element 'Object Repository/Login/Login without account/android.widget.TextView - Spesial di Astro' is: 'Spesial di Astro ðŸš€'

2024-02-17 13:11:32 - [MESSAGE][WARNING] - Timeout '0' is invalid. Using default page load timeout: '30'

2024-02-17 13:11:33 - [MESSAGE][PASSED] - Text of element 'Object Repository/Login/Login without account/android.widget.TextView - Spesial di Astro' is: 'Spesial di Astro ðŸš€'

2024-02-17 13:11:33 - [TEST_STEP][PASSED] - closeApplication(): Close app successfully

2024-02-17 13:11:35 - [MESSAGE][PASSED] - Close app successfully]]></system-out>
         <system-err><![CDATA[]]></system-err>
      </testcase>
      <testcase name="Test Cases/validate no phone should be filled" time="20.964" classname="Test Cases/validate no phone should be filled" status="PASSED">
         <system-out><![CDATA[2024-02-17 13:11:35 - [TEST_CASE][PASSED] - Test Cases/validate no phone should be filled: Test Cases/validate no phone should be filled

2024-02-17 13:11:35 - [TEST_STEP][PASSED] - startApplication("/Users/naufalpry/Downloads/astro-release.apk", true): Started app at: '/Users/naufalpry/Downloads/astro-release.apk'

2024-02-17 13:11:35 - [MESSAGE][INFO] - User set preference: ['deviceId', 'emulator-5554']

2024-02-17 13:11:35 - [MESSAGE][INFO] - Detected NodeJS location: "/opt/homebrew/Cellar/node/21.6.2/bin/node"

2024-02-17 13:11:36 - [MESSAGE][INFO] - Appium server started on port 53,509

2024-02-17 13:11:49 - [MESSAGE][PASSED] - Started app at: '/Users/naufalpry/Downloads/astro-release.apk'

2024-02-17 13:11:49 - [TEST_STEP][PASSED] - tap(findTestObject("Object Repository/Login/Validate Phone Null/android.widget.Button"), 0): Tapped on element 'Object Repository/Login/Validate Phone Null/android.widget.Button'

2024-02-17 13:11:49 - [MESSAGE][WARNING] - Timeout '0' is invalid. Using default page load timeout: '30'

2024-02-17 13:11:51 - [MESSAGE][PASSED] - Tapped on element 'Object Repository/Login/Validate Phone Null/android.widget.Button'

2024-02-17 13:11:51 - [TEST_STEP][PASSED] - tap(findTestObject("Object Repository/Login/Validate Phone Null/android.widget.Button (1)"), 0): Tapped on element 'Object Repository/Login/Validate Phone Null/android.widget.Button (1)'

2024-02-17 13:11:52 - [MESSAGE][WARNING] - Timeout '0' is invalid. Using default page load timeout: '30'

2024-02-17 13:11:52 - [MESSAGE][PASSED] - Tapped on element 'Object Repository/Login/Validate Phone Null/android.widget.Button (1)'

2024-02-17 13:11:52 - [TEST_STEP][PASSED] - tap(findTestObject("Object Repository/Login/Validate Phone Null/android.widget.TextView - Nomor Handphone"), 0): Tapped on element 'Object Repository/Login/Validate Phone Null/android.widget.TextView - Nomor Handphone'

2024-02-17 13:11:52 - [MESSAGE][WARNING] - Timeout '0' is invalid. Using default page load timeout: '30'

2024-02-17 13:11:53 - [MESSAGE][PASSED] - Tapped on element 'Object Repository/Login/Validate Phone Null/android.widget.TextView - Nomor Handphone'

2024-02-17 13:11:53 - [TEST_STEP][PASSED] - tap(findTestObject("Object Repository/Login/Validate Phone Null/android.widget.TextView - Lanjut"), 0): Tapped on element 'Object Repository/Login/Validate Phone Null/android.widget.TextView - Lanjut'

2024-02-17 13:11:53 - [MESSAGE][WARNING] - Timeout '0' is invalid. Using default page load timeout: '30'

2024-02-17 13:11:54 - [MESSAGE][PASSED] - Tapped on element 'Object Repository/Login/Validate Phone Null/android.widget.TextView - Lanjut'

2024-02-17 13:11:54 - [TEST_STEP][PASSED] - getText(findTestObject("Object Repository/Login/Validate Phone Null/android.widget.TextView - Isi nomor handphone dulu, yuk"), 0): Text of element 'Object Repository/Login/Validate Phone Null/android.widget.TextView - Isi nomor handphone dulu, yuk' is: 'Isi nomor handphone dulu, yuk.'

2024-02-17 13:11:54 - [MESSAGE][WARNING] - Timeout '0' is invalid. Using default page load timeout: '30'

2024-02-17 13:11:54 - [MESSAGE][PASSED] - Text of element 'Object Repository/Login/Validate Phone Null/android.widget.TextView - Isi nomor handphone dulu, yuk' is: 'Isi nomor handphone dulu, yuk.'

2024-02-17 13:11:54 - [TEST_STEP][PASSED] - closeApplication(): Close app successfully

2024-02-17 13:11:56 - [MESSAGE][PASSED] - Close app successfully]]></system-out>
         <system-err><![CDATA[]]></system-err>
      </testcase>
      <system-out><![CDATA[2024-02-17 13:11:11 - [TEST_SUITE][PASSED] - test run: Test Cases/validate no phone should be filled]]></system-out>
      <system-err><![CDATA[]]></system-err>
   </testsuite>
</testsuites>
