<?xml version="1.0" encoding="UTF-8"?>
<testsuites name="login without account" time="45.259" tests="2" failures="0" errors="0">
   <testsuite name="login without account" tests="2" failures="0" errors="0" time="45.259" skipped="0" timestamp="2024-02-17 12:51:58" hostname="naufalpry - localhost" id="Test Suites/login without account">
      <properties>
         <property name="deviceName" value="emulator-5554 (sdk_gphone64_arm64 - Android 14)"/>
         <property name="devicePlatform" value=""/>
         <property name="logFolder" value="/Users/naufalpry/Downloads/katalon-mobile/Reports/20240217_125148/login without account/20240217_125148"/>
         <property name="logFiles" value="/Users/naufalpry/Downloads/katalon-mobile/Reports/20240217_125148/login without account/20240217_125148/execution0.log, /Users/naufalpry/Downloads/katalon-mobile/Reports/20240217_125148/login without account/20240217_125148/appium.log"/>
         <property name="attachments" value=""/>
         <property name="hostName" value="naufalpry - localhost"/>
         <property name="os" value="Mac OS X 64bit"/>
         <property name="appiumServerStatus" value="{&quot;value&quot;:{&quot;build&quot;:{&quot;version&quot;:&quot;1.21.0&quot;}},&quot;sessionId&quot;:null,&quot;status&quot;:0}"/>
         <property name="katalonVersion" value="8.6.8.208"/>
         <property name="deviceOS" value="Android"/>
         <property name="appiumVersion" value="1.21.0"/>
         <property name="deviceModel" value="sdk_gphone64_arm64"/>
         <property name="hostAddress" value="127.0.0.1"/>
         <property name="deviceManufacturer" value="Google"/>
         <property name="deviceId" value="emulator-5554"/>
         <property name="deviceName" value="emulator-5554 (sdk_gphone64_arm64 - Android 14)"/>
         <property name="deviceOSVersion" value="14"/>
      </properties>
      <testcase name="Test Cases/Validate login without account" time="23.538" classname="Test Cases/Validate login without account" status="PASSED">
         <system-out><![CDATA[2024-02-17 12:51:59 - [TEST_CASE][PASSED] - Test Cases/Validate login without account: Test Cases/Validate login without account

2024-02-17 12:51:59 - [TEST_STEP][PASSED] - startApplication("/Users/naufalpry/Downloads/astro-release.apk", true): Started app at: '/Users/naufalpry/Downloads/astro-release.apk'

2024-02-17 12:51:59 - [MESSAGE][INFO] - User set preference: ['deviceId', 'emulator-5554']

2024-02-17 12:52:00 - [MESSAGE][INFO] - Detected NodeJS location: "/opt/homebrew/Cellar/node/21.6.2/bin/node"

2024-02-17 12:52:00 - [MESSAGE][INFO] - Appium server started on port 52,100

2024-02-17 12:52:15 - [MESSAGE][PASSED] - Started app at: '/Users/naufalpry/Downloads/astro-release.apk'

2024-02-17 12:52:15 - [TEST_STEP][PASSED] - tap(findTestObject("Object Repository/Login/Login without account/android.widget.TextView - Mulai pakai Astro"), 0): Tapped on element 'Object Repository/Login/Login without account/android.widget.TextView - Mulai pakai Astro'

2024-02-17 12:52:15 - [MESSAGE][WARNING] - Timeout '0' is invalid. Using default page load timeout: '30'

2024-02-17 12:52:17 - [MESSAGE][PASSED] - Tapped on element 'Object Repository/Login/Login without account/android.widget.TextView - Mulai pakai Astro'

2024-02-17 12:52:17 - [TEST_STEP][PASSED] - tap(findTestObject("Object Repository/Login/Login without account/android.widget.Button"), 0): Tapped on element 'Object Repository/Login/Login without account/android.widget.Button'

2024-02-17 12:52:17 - [MESSAGE][WARNING] - Timeout '0' is invalid. Using default page load timeout: '30'

2024-02-17 12:52:18 - [MESSAGE][PASSED] - Tapped on element 'Object Repository/Login/Login without account/android.widget.Button'

2024-02-17 12:52:18 - [TEST_STEP][PASSED] - tap(findTestObject("Object Repository/Login/Login without account/android.widget.TextView - Masuk tanpa akun"), 0): Tapped on element 'Object Repository/Login/Login without account/android.widget.TextView - Masuk tanpa akun'

2024-02-17 12:52:18 - [MESSAGE][WARNING] - Timeout '0' is invalid. Using default page load timeout: '30'

2024-02-17 12:52:19 - [MESSAGE][PASSED] - Tapped on element 'Object Repository/Login/Login without account/android.widget.TextView - Masuk tanpa akun'

2024-02-17 12:52:19 - [TEST_STEP][PASSED] - tap(findTestObject("Object Repository/Login/Login without account/android.widget.ImageView"), 0): Tapped on element 'Object Repository/Login/Login without account/android.widget.ImageView'

2024-02-17 12:52:20 - [MESSAGE][WARNING] - Timeout '0' is invalid. Using default page load timeout: '30'

2024-02-17 12:52:20 - [MESSAGE][PASSED] - Tapped on element 'Object Repository/Login/Login without account/android.widget.ImageView'

2024-02-17 12:52:20 - [TEST_STEP][PASSED] - getText(findTestObject("Object Repository/Login/Login without account/android.widget.TextView - Spesial di Astro"), 0): Text of element 'Object Repository/Login/Login without account/android.widget.TextView - Spesial di Astro' is: 'Spesial di Astro ðŸš€'

2024-02-17 12:52:20 - [MESSAGE][WARNING] - Timeout '0' is invalid. Using default page load timeout: '30'

2024-02-17 12:52:21 - [MESSAGE][PASSED] - Text of element 'Object Repository/Login/Login without account/android.widget.TextView - Spesial di Astro' is: 'Spesial di Astro ðŸš€'

2024-02-17 12:52:21 - [TEST_STEP][PASSED] - closeApplication(): Close app successfully

2024-02-17 12:52:22 - [MESSAGE][PASSED] - Close app successfully]]></system-out>
         <system-err><![CDATA[]]></system-err>
      </testcase>
      <testcase name="Test Cases/validate no phone should be filled" time="21.325" classname="Test Cases/validate no phone should be filled" status="PASSED">
         <system-out><![CDATA[2024-02-17 12:52:22 - [TEST_CASE][PASSED] - Test Cases/validate no phone should be filled: Test Cases/validate no phone should be filled

2024-02-17 12:52:23 - [TEST_STEP][PASSED] - startApplication("/Users/naufalpry/Downloads/astro-release.apk", true): Started app at: '/Users/naufalpry/Downloads/astro-release.apk'

2024-02-17 12:52:23 - [MESSAGE][INFO] - User set preference: ['deviceId', 'emulator-5554']

2024-02-17 12:52:23 - [MESSAGE][INFO] - Detected NodeJS location: "/opt/homebrew/Cellar/node/21.6.2/bin/node"

2024-02-17 12:52:24 - [MESSAGE][INFO] - Appium server started on port 52,240

2024-02-17 12:52:37 - [MESSAGE][PASSED] - Started app at: '/Users/naufalpry/Downloads/astro-release.apk'

2024-02-17 12:52:37 - [TEST_STEP][PASSED] - tap(findTestObject("Object Repository/Login/Validate Phone Null/android.widget.Button"), 0): Tapped on element 'Object Repository/Login/Validate Phone Null/android.widget.Button'

2024-02-17 12:52:37 - [MESSAGE][WARNING] - Timeout '0' is invalid. Using default page load timeout: '30'

2024-02-17 12:52:39 - [MESSAGE][PASSED] - Tapped on element 'Object Repository/Login/Validate Phone Null/android.widget.Button'

2024-02-17 12:52:39 - [TEST_STEP][PASSED] - tap(findTestObject("Object Repository/Login/Validate Phone Null/android.widget.Button (1)"), 0): Tapped on element 'Object Repository/Login/Validate Phone Null/android.widget.Button (1)'

2024-02-17 12:52:40 - [MESSAGE][WARNING] - Timeout '0' is invalid. Using default page load timeout: '30'

2024-02-17 12:52:40 - [MESSAGE][PASSED] - Tapped on element 'Object Repository/Login/Validate Phone Null/android.widget.Button (1)'

2024-02-17 12:52:40 - [TEST_STEP][PASSED] - tap(findTestObject("Object Repository/Login/Validate Phone Null/android.widget.TextView - Nomor Handphone"), 0): Tapped on element 'Object Repository/Login/Validate Phone Null/android.widget.TextView - Nomor Handphone'

2024-02-17 12:52:40 - [MESSAGE][WARNING] - Timeout '0' is invalid. Using default page load timeout: '30'

2024-02-17 12:52:41 - [MESSAGE][PASSED] - Tapped on element 'Object Repository/Login/Validate Phone Null/android.widget.TextView - Nomor Handphone'

2024-02-17 12:52:41 - [TEST_STEP][PASSED] - tap(findTestObject("Object Repository/Login/Validate Phone Null/android.widget.TextView - Lanjut"), 0): Tapped on element 'Object Repository/Login/Validate Phone Null/android.widget.TextView - Lanjut'

2024-02-17 12:52:41 - [MESSAGE][WARNING] - Timeout '0' is invalid. Using default page load timeout: '30'

2024-02-17 12:52:42 - [MESSAGE][PASSED] - Tapped on element 'Object Repository/Login/Validate Phone Null/android.widget.TextView - Lanjut'

2024-02-17 12:52:42 - [TEST_STEP][PASSED] - getText(findTestObject("Object Repository/Login/Validate Phone Null/android.widget.TextView - Isi nomor handphone dulu, yuk"), 0): Text of element 'Object Repository/Login/Validate Phone Null/android.widget.TextView - Isi nomor handphone dulu, yuk' is: 'Isi nomor handphone dulu, yuk.'

2024-02-17 12:52:42 - [MESSAGE][WARNING] - Timeout '0' is invalid. Using default page load timeout: '30'

2024-02-17 12:52:42 - [MESSAGE][PASSED] - Text of element 'Object Repository/Login/Validate Phone Null/android.widget.TextView - Isi nomor handphone dulu, yuk' is: 'Isi nomor handphone dulu, yuk.'

2024-02-17 12:52:42 - [TEST_STEP][PASSED] - closeApplication(): Close app successfully

2024-02-17 12:52:44 - [MESSAGE][PASSED] - Close app successfully]]></system-out>
         <system-err><![CDATA[]]></system-err>
      </testcase>
      <system-out><![CDATA[2024-02-17 12:51:58 - [TEST_SUITE][PASSED] - login without account: Test Cases/validate no phone should be filled]]></system-out>
      <system-err><![CDATA[]]></system-err>
   </testsuite>
</testsuites>
